






Started logging.
I[15:26:07.837] clangd version 14.0.0
I[15:26:07.840] Features: windows
I[15:26:07.840] PID: 21084
I[15:26:07.840] Working directory: d:\Arduino_GitHub\Termometer
I[15:26:07.840] argv[0]: c:\Users\Ò\AppData\Local\Programs\Arduino IDE\resources\app\lib\backend\resources\clangd.exe
I[15:26:07.840] argv[1]: -log=verbose
I[15:26:07.840] argv[2]: --pch-storage=memory
I[15:26:07.840] argv[3]: --compile-commands-dir=C:\Users\Ò\AppData\Local\Temp\arduino-language-server3413025801\build
I[15:26:07.840] argv[4]: -j
I[15:26:07.840] argv[5]: 1
I[15:26:07.840] argv[6]: -query-driver=C:\Users\Ò\AppData\Local\Arduino15\packages\**
V[15:26:07.854] User config file is C:\Users\—Ä—Å\AppData\Local\clangd\config.yaml
E[15:26:07.855] Path specified by --compile-commands-dir does not exist. The argument will be ignored.
I[15:26:07.855] Starting LSP over stdin/stdout
V[15:26:07.857] <<< {"id":"1","jsonrpc":"2.0","method":"initialize","params":{"capabilities":{"textDocument":{"codeAction":{"codeActionLiteralSupport":{"codeActionKind":{"valueSet":["","quickfix","refactor","refactor.extract","refactor.inline","refactor.rewrite","source","source.organizeImports"]}},"dynamicRegistration":true,"isPreferredSupport":true},"codeLens":{"dynamicRegistration":true},"colorProvider":{"dynamicRegistration":true},"completion":{"completionItem":{"commitCharactersSupport":true,"deprecatedSupport":true,"documentationFormat":["markdown","plaintext"],"preselectSupport":true,"snippetSupport":true,"tagSupport":{"valueSet":[1]}},"completionItemKind":{"valueSet":[1,2,3,4,5,6,7,8,9,10,11,12,13,14,15,16,17,18,19,20,21,22,23,24,25]},"contextSupport":true,"dynamicRegistration":true},"declaration":{"dynamicRegistration":true,"linkSupport":true},"definition":{"dynamicRegistration":true,"linkSupport":true},"documentHighlight":{"dynamicRegistration":true},"documentLink":{"dynamicRegistration":true,"tooltipSupport":true},"documentSymbol":{"dynamicRegistration":true,"hierarchicalDocumentSymbolSupport":true,"symbolKind":{"valueSet":[1,2,3,4,5,6,7,8,9,10,11,12,13,14,15,16,17,18,19,20,21,22,23,24,25,26]}},"foldingRange":{"dynamicRegistration":true,"lineFoldingOnly":true,"rangeLimit":5000},"formatting":{"dynamicRegistration":true},"hover":{"contentFormat":["markdown","plaintext"],"dynamicRegistration":true},"implementation":{"dynamicRegistration":true,"linkSupport":true},"onTypeFormatting":{"dynamicRegistration":true},"publishDiagnostics":{"relatedInformation":true,"tagSupport":{"valueSet":[1,2]}},"rangeFormatting":{"dynamicRegistration":true},"references":{"dynamicRegistration":true},"rename":{"dynamicRegistration":true,"prepareSupport":true},"selectionRange":{"dynamicRegistration":true},"signatureHelp":{"contextSupport":true,"dynamicRegistration":true,"signatureInformation":{"documentationFormat":["markdown","plaintext"],"parameterInformation":{"labelOffsetSupport":true}}},"synchronization":{"didSave":true,"dynamicRegistration":true,"willSave":true,"willSaveWaitUntil":true},"typeDefinition":{"dynamicRegistration":true,"linkSupport":true}},"window":{"workDoneProgress":true},"workspace":{"applyEdit":true,"configuration":true,"didChangeConfiguration":{"dynamicRegistration":true},"didChangeWatchedFiles":{"dynamicRegistration":true},"executeCommand":{"dynamicRegistration":true},"symbol":{"dynamicRegistration":true,"symbolKind":{"valueSet":[1,2,3,4,5,6,7,8,9,10,11,12,13,14,15,16,17,18,19,20,21,22,23,24,25,26]}},"workspaceEdit":{"documentChanges":true,"failureHandling":"textOnlyTransactional","resourceOperations":["create","rename","delete"]},"workspaceFolders":true}},"clientInfo":{"name":"vscode","version":"1.80.0"},"initializationOptions":{},"processId":21140,"rootPath":"C:\\Users\\—Ä—Å\\AppData\\Local\\Temp\\arduino-language-server3413025801\\build\\sketch","rootUri":"file:///c%3A/Users/%D1%80%D1%81/AppData/Local/Temp/arduino-language-server3413025801/build/sketch","trace":"off","workspaceFolders":[{"name":"Termometer","uri":"file:///d%3A/Arduino_GitHub/Termometer"}]}}

I[15:26:07.858] <-- initialize("1")
I[15:26:07.900] --> reply:initialize("1") 42 ms
V[15:26:07.900] >>> {"id":"1","jsonrpc":"2.0","result":{"capabilities":{"astProvider":true,"callHierarchyProvider":true,"clangdInlayHintsProvider":true,"codeActionProvider":{"codeActionKinds":["quickfix","refactor","info"]},"compilationDatabase":{"automaticReload":true},"completionProvider":{"allCommitCharacters":[" ","\t","(",")","[","]","{","}","<",">",":",";",",","+","-","/","*","%","^","&","#","?",".","=","\"","'","|"],"resolveProvider":false,"triggerCharacters":[".","<",">",":","\"","/","*"]},"declarationProvider":true,"definitionProvider":true,"documentFormattingProvider":true,"documentHighlightProvider":true,"documentLinkProvider":{"resolveProvider":false},"documentOnTypeFormattingProvider":{"firstTriggerCharacter":"\n","moreTriggerCharacter":[]},"documentRangeFormattingProvider":true,"documentSymbolProvider":true,"executeCommandProvider":{"commands":["clangd.applyFix","clangd.applyTweak"]},"hoverProvider":true,"implementationProvider":true,"memoryUsageProvider":true,"referencesProvider":true,"renameProvider":{"prepareProvider":true},"selectionRangeProvider":true,"semanticTokensProvider":{"full":{"delta":true},"legend":{"tokenModifiers":["declaration","deprecated","deduced","readonly","static","abstract","virtual","dependentName","defaultLibrary","usedAsMutableReference","functionScope","classScope","fileScope","globalScope"],"tokenTypes":["variable","variable","parameter","function","method","function","property","variable","class","interface","enum","enumMember","type","type","unknown","namespace","typeParameter","concept","type","macro","comment"]},"range":false},"signatureHelpProvider":{"triggerCharacters":["(",")","{","}","<",">",","]},"textDocumentSync":{"change":2,"openClose":true,"save":true},"typeDefinitionProvider":true,"typeHierarchyProvider":true,"workspaceSymbolProvider":true},"serverInfo":{"name":"clangd","version":"clangd version 14.0.0 windows x86_64-pc-windows-msvc"}}}

V[15:26:07.901] <<< {"jsonrpc":"2.0","method":"initialized","params":{}}

I[15:26:07.901] <-- initialized
V[15:26:07.906] <<< {"jsonrpc":"2.0","method":"textDocument/didOpen","params":{"textDocument":{"languageId":"cpp","text":"#include <Arduino.h>\n#line 1 \"D:\\\\Arduino_GitHub\\\\Termometer\\\\Termometer.ino\"\n/*1—è–Ω–≤25\n–¢–µ—Ä–º–æ–º–µ—Ç—Ä\n–ü—Ä–æ–µ–∫—Ç 9\nScriptor42\n*/\n\n#include <OneWire.h>\n#include <DallasTemperature.h>\n\n#define ONE_WIRE_BUS 2\n\nOneWire oneWire(ONE_WIRE_BUS);\nDallasTemperature sensors(&oneWire);\n\n#line 15 \"D:\\\\Arduino_GitHub\\\\Termometer\\\\Termometer.ino\"\nvoid setup();\n#line 20 \"D:\\\\Arduino_GitHub\\\\Termometer\\\\Termometer.ino\"\nvoid loop();\n#line 15 \"D:\\\\Arduino_GitHub\\\\Termometer\\\\Termometer.ino\"\nvoid setup() {\n  Serial.begin(9600);\n  sensors.begin();\n}\n\nvoid loop() {\n  sensors.requestTemperatures();\n  float temperatureC = sensors.getTempCByIndex(0);\n  Serial.print(\"Temperature: \");\n  Serial.print(temperatureC);\n  Serial.println(\" ¬∞C\");\n  delay(1000);\n}\n\n\n","uri":"file:///c%3A/Users/%D1%80%D1%81/AppData/Local/Temp/arduino-language-server3413025801/build/sketch/Termometer.ino.cpp","version":1}}}

I[15:26:07.906] <-- textDocument/didOpen
V[15:26:07.911] <<< {"id":"2","jsonrpc":"2.0","method":"textDocument/codeAction","params":{"context":{"diagnostics":[]},"range":{"end":{"character":0,"line":2},"start":{"character":0,"line":2}},"textDocument":{"uri":"file:///c%3A/Users/%D1%80%D1%81/AppData/Local/Temp/arduino-language-server3413025801/build/sketch/Termometer.ino.cpp"}}}

I[15:26:07.911] <-- textDocument/codeAction("2")
V[15:26:07.915] config note at c:\Users\—Ä—Å\AppData\Local\Temp\arduino-language-server3413025801\build\.clangd:1:0: Parsing config fragment
V[15:26:07.915] config note at c:\Users\—Ä—Å\AppData\Local\Temp\arduino-language-server3413025801\build\.clangd:1:0: Parsed 1 fragments from file
V[15:26:07.915] Config fragment: compiling c:\Users\—Ä—Å\AppData\Local\Temp\arduino-language-server3413025801\build\.clangd:1 -> 0x000002677F068A80 (trusted=false)
I[15:26:07.916] --> textDocument/publishDiagnostics
V[15:26:07.916] >>> {"jsonrpc":"2.0","method":"textDocument/publishDiagnostics","params":{"diagnostics":[],"uri":"file:///c:/Users/%D1%80%D1%81/AppData/Local/Temp/arduino-language-server3413025801/build/.clangd"}}

I[15:26:07.918] Loaded compilation database from c:\Users\—Ä—Å\AppData\Local\Temp\arduino-language-server3413025801\build\compile_commands.json
V[15:26:07.919] Broadcasting compilation database from c:\Users\—Ä—Å\AppData\Local\Temp\arduino-language-server3413025801\build
V[15:26:07.919] System include extraction: not allowed driver C:\Users\—Ä—Å\AppData\Local\Arduino15\packages\arduino\tools\avr-gcc\7.3.0-atmel3.6.1-arduino7\bin\avr-g++.exe
I[15:26:07.920] ASTWorker building file c:\Users\—Ä—Å\AppData\Local\Temp\arduino-language-server3413025801\build\sketch\Termometer.ino.cpp version 1 with command 
[D:\Arduino_GitHub\Termometer]
"C:\\Users\\\xD1\x80\xD1\x81\\AppData\\Local\\Arduino15\\packages\\arduino\\tools\\avr-gcc\\7.3.0-atmel3.6.1-arduino7\\bin\\avr-g++.exe" --target=avr --driver-mode=g++ -c -g -Os -w -std=gnu++11 -fpermissive -fno-exceptions -ffunction-sections -fdata-sections -fno-threadsafe-statics -Wno-error=narrowing -MMD -flto -mmcu=atmega32u4 -DF_CPU=16000000L -DARDUINO=10607 -DARDUINO_AVR_LEONARDO -DARDUINO_ARCH_AVR -DUSB_VID=0x2341 -DUSB_PID=0x8036 "-DUSB_MANUFACTURER=\"Unknown\"" "-DUSB_PRODUCT=\"Arduino Leonardo\"" "-IC:\\Users\\\xD1\x80\xD1\x81\\AppData\\Local\\Arduino15\\packages\\arduino\\hardware\\avr\\1.8.6\\cores\\arduino" "-IC:\\Users\\\xD1\x80\xD1\x81\\AppData\\Local\\Arduino15\\packages\\arduino\\hardware\\avr\\1.8.6\\variants\\leonardo" -o "C:\\Users\\\xD1\x80\xD1\x81\\AppData\\Local\\Temp\\arduino-language-server3413025801\\build\\sketch\\Termometer.ino.cpp.o" -ferror-limit=0 "-resource-dir=c:\\Users\\\xD1\x80\xD1\x81\\AppData\\Local\\Programs\\Arduino IDE\\resources\\app\\lib\\backend\\lib\\clang\\14.0.0" -- "c:\\Users\\\xD1\x80\xD1\x81\\AppData\\Local\\Temp\\arduino-language-server3413025801\\build\\sketch\\Termometer.ino.cpp"
V[15:26:07.921] config note at C:\Users\—Ä—Å\AppData\Local\Temp\arduino-language-server3413025801\build\.clangd:1:0: Parsing config fragment
V[15:26:07.921] config note at C:\Users\—Ä—Å\AppData\Local\Temp\arduino-language-server3413025801\build\.clangd:1:0: Parsed 1 fragments from file
V[15:26:07.921] Config fragment: compiling C:\Users\—Ä—Å\AppData\Local\Temp\arduino-language-server3413025801\build\.clangd:1 -> 0x000002677F067F90 (trusted=false)
I[15:26:07.922] --> textDocument/publishDiagnostics
V[15:26:07.922] >>> {"jsonrpc":"2.0","method":"textDocument/publishDiagnostics","params":{"diagnostics":[],"uri":"file:///C:/Users/%D1%80%D1%81/AppData/Local/Temp/arduino-language-server3413025801/build/.clangd"}}

I[15:26:07.928] --> window/workDoneProgress/create(0)
V[15:26:07.928] >>> {"id":0,"jsonrpc":"2.0","method":"window/workDoneProgress/create","params":{"token":"backgroundIndexProgress"}}

I[15:26:07.929] Enqueueing 1 commands for indexing
V[15:26:07.929] <<< {"id":0,"jsonrpc":"2.0","result":null}

I[15:26:07.929] <-- reply(0)
I[15:26:07.929] --> $/progress
V[15:26:07.929] >>> {"jsonrpc":"2.0","method":"$/progress","params":{"token":"backgroundIndexProgress","value":{"kind":"begin","percentage":0,"title":"indexing"}}}

I[15:26:07.929] --> $/progress
V[15:26:07.929] >>> {"jsonrpc":"2.0","method":"$/progress","params":{"token":"backgroundIndexProgress","value":{"kind":"report","message":"0/1","percentage":0}}}

V[15:26:07.930] Failed to load shard: C:\Users\—Ä—Å\AppData\Local\Temp\arduino-language-server3413025801\build\sketch\Termometer.ino.cpp
I[15:26:07.932] --> $/progress
V[15:26:07.932] >>> {"jsonrpc":"2.0","method":"$/progress","params":{"token":"backgroundIndexProgress","value":{"kind":"report","message":"0/2","percentage":0}}}

I[15:26:07.933] --> $/progress
V[15:26:07.933] >>> {"jsonrpc":"2.0","method":"$/progress","params":{"token":"backgroundIndexProgress","value":{"kind":"report","message":"1/2","percentage":50}}}

I[15:26:07.933] --> $/progress
V[15:26:07.933] >>> {"jsonrpc":"2.0","method":"$/progress","params":{"token":"backgroundIndexProgress","value":{"kind":"report","message":"1/2","percentage":50}}}

V[15:26:07.934] Indexing C:\Users\—Ä—Å\AppData\Local\Temp\arduino-language-server3413025801\build\sketch\Termometer.ino.cpp (digest:=D7951E611F288683)
V[15:26:07.945] Driver produced command: cc1 -cc1 -triple avr -fsyntax-only -flto=full -flto-unit -disable-free -clear-ast-before-backend -disable-llvm-verifier -discard-value-names -main-file-name Termometer.ino.cpp -mrelocation-model static -mframe-pointer=all -fmath-errno -ffp-contract=on -fno-rounding-math -mconstructor-aliases -fno-use-init-array -fno-use-cxa-atexit -target-cpu atmega32u4 -mllvm -treat-scalable-fixed-error-as-warning -debug-info-kind=constructor -dwarf-version=5 -debugger-tuning=gdb -ffunction-sections -fdata-sections "-fcoverage-compilation-dir=D:\\Arduino_GitHub\\Termometer" -resource-dir "c:\\Users\\\xD1\x80\xD1\x81\\AppData\\Local\\Programs\\Arduino IDE\\resources\\app\\lib\\backend\\lib\\clang\\14.0.0" -dependency-file "C:\\Users\\\xD1\x80\xD1\x81\\AppData\\Local\\Temp\\arduino-language-server3413025801\\build\\sketch\\Termometer.ino.cpp.d" -MT "C:\\Users\\\xD1\x80\xD1\x81\\AppData\\Local\\Temp\\arduino-language-server3413025801\\build\\sketch\\Termometer.ino.cpp.o" -D F_CPU=16000000L -D ARDUINO=10607 -D ARDUINO_AVR_LEONARDO -D ARDUINO_ARCH_AVR -D USB_VID=0x2341 -D USB_PID=0x8036 -D "USB_MANUFACTURER=\"Unknown\"" -D "USB_PRODUCT=\"Arduino Leonardo\"" -I "C:\\Users\\\xD1\x80\xD1\x81\\AppData\\Local\\Arduino15\\packages\\arduino\\hardware\\avr\\1.8.6\\cores\\arduino" -I "C:\\Users\\\xD1\x80\xD1\x81\\AppData\\Local\\Arduino15\\packages\\arduino\\hardware\\avr\\1.8.6\\variants\\leonardo" -internal-isystem "C:\\Users\\\xD1\x80\xD1\x81\\AppData\\Local\\Arduino15\\packages\\arduino\\tools\\avr-gcc\\7.3.0-atmel3.6.1-arduino7\\bin/../lib/gcc/avr/7.3.0/../../../../avr/include" -Os -Wno-error=narrowing -w -std=gnu++11 -fdeprecated-macro "-fdebug-compilation-dir=D:\\Arduino_GitHub\\Termometer" -ferror-limit 0 -fgnuc-version=4.2.1 -fno-threadsafe-statics -vectorize-loops -vectorize-slp -faddrsig -D__GCC_HAVE_DWARF2_CFI_ASM=1 -x c++ "c:\\Users\\\xD1\x80\xD1\x81\\AppData\\Local\\Temp\\arduino-language-server3413025801\\build\\sketch\\Termometer.ino.cpp"
V[15:26:07.945] Building first preamble for c:\Users\—Ä—Å\AppData\Local\Temp\arduino-language-server3413025801\build\sketch\Termometer.ino.cpp version 1
V[15:26:07.982] Ignored diagnostic. C:\Users\—Ä—Å\AppData\Local\Arduino15\packages\arduino\tools\avr-gcc\7.3.0-atmel3.6.1-arduino7\bin/../lib/gcc/avr/7.3.0/../../../../avr/include\stdlib.h:48:10:'stddef.h' file not found
V[15:26:08.094] indexed preamble AST for c:\Users\—Ä—Å\AppData\Local\Temp\arduino-language-server3413025801\build\sketch\Termometer.ino.cpp version 1:
  symbol slab: 3054 symbols, 848358 bytes
  ref slab: 0 symbols, 0 refs, 136 bytes
  relations slab: 14 relations, 347 bytes
I[15:26:08.123] Indexed C:\Users\—Ä—Å\AppData\Local\Temp\arduino-language-server3413025801\build\sketch\Termometer.ino.cpp (756 symbols, 3905 refs, 33 files)
I[15:26:08.123] Failed to compile C:\Users\—Ä—Å\AppData\Local\Temp\arduino-language-server3413025801\build\sketch\Termometer.ino.cpp, index may be incomplete
V[15:26:08.148] Build dynamic index for header symbols with estimated memory usage of 2338454 bytes
V[15:26:08.151] Built preamble of size 483996 for file c:\Users\—Ä—Å\AppData\Local\Temp\arduino-language-server3413025801\build\sketch\Termometer.ino.cpp version 1
V[15:26:08.214] Trying to fix unresolved name "OneWire" in scopes: []
V[15:26:08.214] Dex query tree: (LIMIT 10000 (& T=ire T=ewi T=new T=one T=wir S= ?=Restricted For Code Completion))
V[15:26:08.215] Trying to fix unresolved name "DallasTemperature" in scopes: []
V[15:26:08.215] Dex query tree: false
V[15:26:08.219] indexed file AST for c:\Users\—Ä—Å\AppData\Local\Temp\arduino-language-server3413025801\build\sketch\Termometer.ino.cpp version 1:
  symbol slab: 5 symbols, 5384 bytes
  ref slab: 8 symbols, 14 refs, 4448 bytes
  relations slab: 0 relations, 24 bytes
V[15:26:08.219] Build dynamic index for main-file symbols with estimated memory usage of 14000 bytes
I[15:26:08.219] --> textDocument/publishDiagnostics
V[15:26:08.219] >>> {"jsonrpc":"2.0","method":"textDocument/publishDiagnostics","params":{"diagnostics":[{"code":"pp_file_not_found","message":"In included file: 'stddef.h' file not found","range":{"end":{"character":10,"line":0},"start":{"character":9,"line":0}},"relatedInformation":[{"location":{"range":{"end":{"character":19,"line":47},"start":{"character":9,"line":47}},"uri":"file:///C:/Users/%D1%80%D1%81/AppData/Local/Arduino15/packages/arduino/tools/avr-gcc/7.3.0-atmel3.6.1-arduino7/avr/include/stdlib.h"},"message":"Error occurred here"}],"severity":1,"source":"clang"},{"code":"unknown_typename","message":"Unknown type name 'OneWire'","range":{"end":{"character":7,"line":13},"start":{"character":0,"line":13}},"relatedInformation":[],"severity":1,"source":"clang"},{"code":"unknown_typename","message":"Unknown type name 'DallasTemperature'","range":{"end":{"character":17,"line":14},"start":{"character":0,"line":14}},"relatedInformation":[],"severity":1,"source":"clang"}],"uri":"file:///c:/Users/%D1%80%D1%81/AppData/Local/Temp/arduino-language-server3413025801/build/sketch/Termometer.ino.cpp","version":1}}

V[15:26:08.220] ASTWorker running EnumerateTweaks on version 1 of c:\Users\—Ä—Å\AppData\Local\Temp\arduino-language-server3413025801\build\sketch\Termometer.ino.cpp
I[15:26:08.220] --> reply:textDocument/codeAction("2") 309 ms
V[15:26:08.220] >>> {"id":"2","jsonrpc":"2.0","result":[]}

V[15:26:08.221] <<< {"id":"3","jsonrpc":"2.0","method":"textDocument/documentSymbol","params":{"textDocument":{"uri":"file:///c%3A/Users/%D1%80%D1%81/AppData/Local/Temp/arduino-language-server3413025801/build/sketch/Termometer.ino.cpp"}}}

I[15:26:08.221] <-- textDocument/documentSymbol("3")
V[15:26:08.221] ASTWorker running DocumentSymbols on version 1 of c:\Users\—Ä—Å\AppData\Local\Temp\arduino-language-server3413025801\build\sketch\Termometer.ino.cpp
I[15:26:08.221] --> reply:textDocument/documentSymbol("3") 0 ms
V[15:26:08.222] >>> {"id":"3","jsonrpc":"2.0","result":[{"detail":"int","kind":13,"name":"oneWire","range":{"end":{"character":15,"line":13},"start":{"character":0,"line":13}},"selectionRange":{"end":{"character":15,"line":13},"start":{"character":8,"line":13}}},{"detail":"int","kind":13,"name":"sensors","range":{"end":{"character":25,"line":14},"start":{"character":0,"line":14}},"selectionRange":{"end":{"character":25,"line":14},"start":{"character":18,"line":14}}},{"detail":"void ()","kind":12,"name":"setup","range":{"end":{"character":12,"line":17},"start":{"character":0,"line":17}},"selectionRange":{"end":{"character":10,"line":17},"start":{"character":5,"line":17}}},{"detail":"void ()","kind":12,"name":"loop","range":{"end":{"character":11,"line":19},"start":{"character":0,"line":19}},"selectionRange":{"end":{"character":9,"line":19},"start":{"character":5,"line":19}}},{"detail":"void ()","kind":12,"name":"setup","range":{"end":{"character":1,"line":24},"start":{"character":0,"line":21}},"selectionRange":{"end":{"character":10,"line":21},"start":{"character":5,"line":21}}},{"detail":"void ()","kind":12,"name":"loop","range":{"end":{"character":1,"line":33},"start":{"character":0,"line":26}},"selectionRange":{"end":{"character":9,"line":26},"start":{"character":5,"line":26}}}]}

V[15:26:08.238] <<< {"id":"4","jsonrpc":"2.0","method":"textDocument/documentSymbol","params":{"textDocument":{"uri":"file:///c%3A/Users/%D1%80%D1%81/AppData/Local/Temp/arduino-language-server3413025801/build/sketch/Termometer.ino.cpp"}}}

I[15:26:08.238] <-- textDocument/documentSymbol("4")
V[15:26:08.238] ASTWorker running DocumentSymbols on version 1 of c:\Users\—Ä—Å\AppData\Local\Temp\arduino-language-server3413025801\build\sketch\Termometer.ino.cpp
I[15:26:08.238] --> reply:textDocument/documentSymbol("4") 0 ms
V[15:26:08.238] >>> {"id":"4","jsonrpc":"2.0","result":[{"detail":"int","kind":13,"name":"oneWire","range":{"end":{"character":15,"line":13},"start":{"character":0,"line":13}},"selectionRange":{"end":{"character":15,"line":13},"start":{"character":8,"line":13}}},{"detail":"int","kind":13,"name":"sensors","range":{"end":{"character":25,"line":14},"start":{"character":0,"line":14}},"selectionRange":{"end":{"character":25,"line":14},"start":{"character":18,"line":14}}},{"detail":"void ()","kind":12,"name":"setup","range":{"end":{"character":12,"line":17},"start":{"character":0,"line":17}},"selectionRange":{"end":{"character":10,"line":17},"start":{"character":5,"line":17}}},{"detail":"void ()","kind":12,"name":"loop","range":{"end":{"character":11,"line":19},"start":{"character":0,"line":19}},"selectionRange":{"end":{"character":9,"line":19},"start":{"character":5,"line":19}}},{"detail":"void ()","kind":12,"name":"setup","range":{"end":{"character":1,"line":24},"start":{"character":0,"line":21}},"selectionRange":{"end":{"character":10,"line":21},"start":{"character":5,"line":21}}},{"detail":"void ()","kind":12,"name":"loop","range":{"end":{"character":1,"line":33},"start":{"character":0,"line":26}},"selectionRange":{"end":{"character":9,"line":26},"start":{"character":5,"line":26}}}]}

V[15:26:08.434] <<< {"id":"5","jsonrpc":"2.0","method":"textDocument/codeAction","params":{"context":{"diagnostics":[]},"range":{"end":{"character":0,"line":9},"start":{"character":0,"line":9}},"textDocument":{"uri":"file:///c%3A/Users/%D1%80%D1%81/AppData/Local/Temp/arduino-language-server3413025801/build/sketch/Termometer.ino.cpp"}}}

I[15:26:08.434] <-- textDocument/codeAction("5")
V[15:26:08.435] ASTWorker running EnumerateTweaks on version 1 of c:\Users\—Ä—Å\AppData\Local\Temp\arduino-language-server3413025801\build\sketch\Termometer.ino.cpp
I[15:26:08.435] --> reply:textDocument/codeAction("5") 0 ms
V[15:26:08.435] >>> {"id":"5","jsonrpc":"2.0","result":[]}

V[15:26:08.444] BackgroundIndex: building version 1 after indexing enough files
V[15:26:08.457] BackgroundIndex: serving version 1 (1545374 bytes)
I[15:26:08.458] --> $/progress
V[15:26:08.458] >>> {"jsonrpc":"2.0","method":"$/progress","params":{"token":"backgroundIndexProgress","value":{"kind":"end"}}}

V[15:26:10.796] <<< {"jsonrpc":"2.0","method":"textDocument/didSave","params":{"textDocument":{"uri":"file:///c%3A/Users/%D1%80%D1%81/AppData/Local/Temp/arduino-language-server3413025801/build/sketch/Termometer.ino.cpp"}}}

I[15:26:10.796] <-- textDocument/didSave
I[15:26:10.796] File version went from 1 to 1
V[15:26:10.796] <<< {"jsonrpc":"2.0","method":"textDocument/didChange","params":{"contentChanges":[{"text":"#include <Arduino.h>\n#line 1 \"D:\\\\Arduino_GitHub\\\\Termometer\\\\Termometer.ino\"\n/*1—è–Ω–≤25\n–¢–µ—Ä–º–æ–º–µ—Ç—Ä\n–ü—Ä–æ–µ–∫—Ç 9\nScriptor42\n*/\n\n#include <OneWire.h>\n#include <DallasTemperature.h>\n\n#define ONE_WIRE_BUS 2\n\nOneWire oneWire(ONE_WIRE_BUS);\nDallasTemperature sensors(&oneWire);\n\n#line 15 \"D:\\\\Arduino_GitHub\\\\Termometer\\\\Termometer.ino\"\nvoid setup();\n#line 20 \"D:\\\\Arduino_GitHub\\\\Termometer\\\\Termometer.ino\"\nvoid loop();\n#line 15 \"D:\\\\Arduino_GitHub\\\\Termometer\\\\Termometer.ino\"\nvoid setup() {\n  Serial.begin(9600);\n  sensors.begin();\n}\n\nvoid loop() {\n  sensors.requestTemperatures();\n  float temperatureC = sensors.getTempCByIndex(0);\n  Serial.print(\"Temperature: \");\n  Serial.print(temperatureC);\n  Serial.println(\" ¬∞C\");\n  delay(1000);\n}\n\n\n"}],"textDocument":{"uri":"file:///c%3A/Users/%D1%80%D1%81/AppData/Local/Temp/arduino-language-server3413025801/build/sketch/Termometer.ino.cpp","version":2}}}

I[15:26:10.796] <-- textDocument/didChange
V[15:26:10.796] ASTWorker skipping Update (1) for c:\Users\—Ä—Å\AppData\Local\Temp\arduino-language-server3413025801\build\sketch\Termometer.ino.cpp
I[15:26:10.879] ASTWorker building file c:\Users\—Ä—Å\AppData\Local\Temp\arduino-language-server3413025801\build\sketch\Termometer.ino.cpp version 2 with command 
[D:\Arduino_GitHub\Termometer]
"C:\\Users\\\xD1\x80\xD1\x81\\AppData\\Local\\Arduino15\\packages\\arduino\\tools\\avr-gcc\\7.3.0-atmel3.6.1-arduino7\\bin\\avr-g++.exe" --target=avr --driver-mode=g++ -c -g -Os -w -std=gnu++11 -fpermissive -fno-exceptions -ffunction-sections -fdata-sections -fno-threadsafe-statics -Wno-error=narrowing -MMD -flto -mmcu=atmega32u4 -DF_CPU=16000000L -DARDUINO=10607 -DARDUINO_AVR_LEONARDO -DARDUINO_ARCH_AVR -DUSB_VID=0x2341 -DUSB_PID=0x8036 "-DUSB_MANUFACTURER=\"Unknown\"" "-DUSB_PRODUCT=\"Arduino Leonardo\"" "-IC:\\Users\\\xD1\x80\xD1\x81\\AppData\\Local\\Arduino15\\packages\\arduino\\hardware\\avr\\1.8.6\\cores\\arduino" "-IC:\\Users\\\xD1\x80\xD1\x81\\AppData\\Local\\Arduino15\\packages\\arduino\\hardware\\avr\\1.8.6\\variants\\leonardo" -o "C:\\Users\\\xD1\x80\xD1\x81\\AppData\\Local\\Temp\\arduino-language-server3413025801\\build\\sketch\\Termometer.ino.cpp.o" -ferror-limit=0 "-resource-dir=c:\\Users\\\xD1\x80\xD1\x81\\AppData\\Local\\Programs\\Arduino IDE\\resources\\app\\lib\\backend\\lib\\clang\\14.0.0" -- "c:\\Users\\\xD1\x80\xD1\x81\\AppData\\Local\\Temp\\arduino-language-server3413025801\\build\\sketch\\Termometer.ino.cpp"
V[15:26:10.892] Driver produced command: cc1 -cc1 -triple avr -fsyntax-only -flto=full -flto-unit -disable-free -clear-ast-before-backend -disable-llvm-verifier -discard-value-names -main-file-name Termometer.ino.cpp -mrelocation-model static -mframe-pointer=all -fmath-errno -ffp-contract=on -fno-rounding-math -mconstructor-aliases -fno-use-init-array -fno-use-cxa-atexit -target-cpu atmega32u4 -mllvm -treat-scalable-fixed-error-as-warning -debug-info-kind=constructor -dwarf-version=5 -debugger-tuning=gdb -ffunction-sections -fdata-sections "-fcoverage-compilation-dir=D:\\Arduino_GitHub\\Termometer" -resource-dir "c:\\Users\\\xD1\x80\xD1\x81\\AppData\\Local\\Programs\\Arduino IDE\\resources\\app\\lib\\backend\\lib\\clang\\14.0.0" -dependency-file "C:\\Users\\\xD1\x80\xD1\x81\\AppData\\Local\\Temp\\arduino-language-server3413025801\\build\\sketch\\Termometer.ino.cpp.d" -MT "C:\\Users\\\xD1\x80\xD1\x81\\AppData\\Local\\Temp\\arduino-language-server3413025801\\build\\sketch\\Termometer.ino.cpp.o" -D F_CPU=16000000L -D ARDUINO=10607 -D ARDUINO_AVR_LEONARDO -D ARDUINO_ARCH_AVR -D USB_VID=0x2341 -D USB_PID=0x8036 -D "USB_MANUFACTURER=\"Unknown\"" -D "USB_PRODUCT=\"Arduino Leonardo\"" -I "C:\\Users\\\xD1\x80\xD1\x81\\AppData\\Local\\Arduino15\\packages\\arduino\\hardware\\avr\\1.8.6\\cores\\arduino" -I "C:\\Users\\\xD1\x80\xD1\x81\\AppData\\Local\\Arduino15\\packages\\arduino\\hardware\\avr\\1.8.6\\variants\\leonardo" -internal-isystem "C:\\Users\\\xD1\x80\xD1\x81\\AppData\\Local\\Arduino15\\packages\\arduino\\tools\\avr-gcc\\7.3.0-atmel3.6.1-arduino7\\bin/../lib/gcc/avr/7.3.0/../../../../avr/include" -Os -Wno-error=narrowing -w -std=gnu++11 -fdeprecated-macro "-fdebug-compilation-dir=D:\\Arduino_GitHub\\Termometer" -ferror-limit 0 -fgnuc-version=4.2.1 -fno-threadsafe-statics -vectorize-loops -vectorize-slp -faddrsig -D__GCC_HAVE_DWARF2_CFI_ASM=1 -x c++ "c:\\Users\\\xD1\x80\xD1\x81\\AppData\\Local\\Temp\\arduino-language-server3413025801\\build\\sketch\\Termometer.ino.cpp"
V[15:26:10.896] Reusing preamble version 1 for version 2 of c:\Users\—Ä—Å\AppData\Local\Temp\arduino-language-server3413025801\build\sketch\Termometer.ino.cpp
V[15:26:22.977] <<< {"id":"6","jsonrpc":"2.0","method":"textDocument/hover","params":{"position":{"character":42,"line":28},"textDocument":{"uri":"file:///c%3A/Users/%D1%80%D1%81/AppData/Local/Temp/arduino-language-server3413025801/build/sketch/Termometer.ino.cpp"}}}

I[15:26:22.977] <-- textDocument/hover("6")
V[15:26:22.979] ASTWorker running Hover on version 2 of c:\Users\—Ä—Å\AppData\Local\Temp\arduino-language-server3413025801\build\sketch\Termometer.ino.cpp
I[15:26:22.993] --> reply:textDocument/hover("6") 16 ms
V[15:26:22.993] >>> {"id":"6","jsonrpc":"2.0","result":null}

V[15:26:25.542] <<< {"id":"7","jsonrpc":"2.0","method":"textDocument/hover","params":{"position":{"character":24,"line":9},"textDocument":{"uri":"file:///c%3A/Users/%D1%80%D1%81/AppData/Local/Temp/arduino-language-server3413025801/build/sketch/Termometer.ino.cpp"}}}

I[15:26:25.542] <-- textDocument/hover("7")
V[15:26:25.542] ASTWorker running Hover on version 2 of c:\Users\—Ä—Å\AppData\Local\Temp\arduino-language-server3413025801\build\sketch\Termometer.ino.cpp
I[15:26:25.544] --> reply:textDocument/hover("7") 2 ms
V[15:26:25.544] >>> {"id":"7","jsonrpc":"2.0","result":null}

V[15:26:25.921] <<< {"id":"8","jsonrpc":"2.0","method":"textDocument/hover","params":{"position":{"character":24,"line":9},"textDocument":{"uri":"file:///c%3A/Users/%D1%80%D1%81/AppData/Local/Temp/arduino-language-server3413025801/build/sketch/Termometer.ino.cpp"}}}

I[15:26:25.921] <-- textDocument/hover("8")
V[15:26:25.921] ASTWorker running Hover on version 2 of c:\Users\—Ä—Å\AppData\Local\Temp\arduino-language-server3413025801\build\sketch\Termometer.ino.cpp
I[15:26:25.923] --> reply:textDocument/hover("8") 1 ms
V[15:26:25.923] >>> {"id":"8","jsonrpc":"2.0","result":null}

V[15:32:26.538] <<< {"id":"9","jsonrpc":"2.0","method":"shutdown","params":null}

I[15:32:26.538] <-- shutdown("9")
I[15:32:26.538] --> reply:shutdown("9") 0 ms
V[15:32:26.538] >>> {"id":"9","jsonrpc":"2.0","result":null}

V[15:32:26.556] <<< {"jsonrpc":"2.0","method":"exit","params":null}

I[15:32:26.556] <-- exit
I[15:32:26.556] LSP finished, exiting with status 0







Started logging.
I[15:32:29.677] clangd version 14.0.0
I[15:32:29.679] Features: windows
I[15:32:29.679] PID: 27332
I[15:32:29.679] Working directory: d:\Arduino_GitHub\Termometer
I[15:32:29.679] argv[0]: c:\Users\Ò\AppData\Local\Programs\Arduino IDE\resources\app\lib\backend\resources\clangd.exe
I[15:32:29.679] argv[1]: -log=verbose
I[15:32:29.679] argv[2]: --pch-storage=memory
I[15:32:29.679] argv[3]: --compile-commands-dir=C:\Users\Ò\AppData\Local\Temp\arduino-language-server3399030946\build
I[15:32:29.679] argv[4]: -j
I[15:32:29.679] argv[5]: 1
I[15:32:29.679] argv[6]: -query-driver=C:\Users\Ò\AppData\Local\Arduino15\packages\**
V[15:32:29.693] User config file is C:\Users\—Ä—Å\AppData\Local\clangd\config.yaml
E[15:32:29.693] Path specified by --compile-commands-dir does not exist. The argument will be ignored.
I[15:32:29.693] Starting LSP over stdin/stdout
V[15:32:29.693] <<< {"id":"1","jsonrpc":"2.0","method":"initialize","params":{"capabilities":{"textDocument":{"codeAction":{"codeActionLiteralSupport":{"codeActionKind":{"valueSet":["","quickfix","refactor","refactor.extract","refactor.inline","refactor.rewrite","source","source.organizeImports"]}},"dynamicRegistration":true,"isPreferredSupport":true},"codeLens":{"dynamicRegistration":true},"colorProvider":{"dynamicRegistration":true},"completion":{"completionItem":{"commitCharactersSupport":true,"deprecatedSupport":true,"documentationFormat":["markdown","plaintext"],"preselectSupport":true,"snippetSupport":true,"tagSupport":{"valueSet":[1]}},"completionItemKind":{"valueSet":[1,2,3,4,5,6,7,8,9,10,11,12,13,14,15,16,17,18,19,20,21,22,23,24,25]},"contextSupport":true,"dynamicRegistration":true},"declaration":{"dynamicRegistration":true,"linkSupport":true},"definition":{"dynamicRegistration":true,"linkSupport":true},"documentHighlight":{"dynamicRegistration":true},"documentLink":{"dynamicRegistration":true,"tooltipSupport":true},"documentSymbol":{"dynamicRegistration":true,"hierarchicalDocumentSymbolSupport":true,"symbolKind":{"valueSet":[1,2,3,4,5,6,7,8,9,10,11,12,13,14,15,16,17,18,19,20,21,22,23,24,25,26]}},"foldingRange":{"dynamicRegistration":true,"lineFoldingOnly":true,"rangeLimit":5000},"formatting":{"dynamicRegistration":true},"hover":{"contentFormat":["markdown","plaintext"],"dynamicRegistration":true},"implementation":{"dynamicRegistration":true,"linkSupport":true},"onTypeFormatting":{"dynamicRegistration":true},"publishDiagnostics":{"relatedInformation":true,"tagSupport":{"valueSet":[1,2]}},"rangeFormatting":{"dynamicRegistration":true},"references":{"dynamicRegistration":true},"rename":{"dynamicRegistration":true,"prepareSupport":true},"selectionRange":{"dynamicRegistration":true},"signatureHelp":{"contextSupport":true,"dynamicRegistration":true,"signatureInformation":{"documentationFormat":["markdown","plaintext"],"parameterInformation":{"labelOffsetSupport":true}}},"synchronization":{"didSave":true,"dynamicRegistration":true,"willSave":true,"willSaveWaitUntil":true},"typeDefinition":{"dynamicRegistration":true,"linkSupport":true}},"window":{"workDoneProgress":true},"workspace":{"applyEdit":true,"configuration":true,"didChangeConfiguration":{"dynamicRegistration":true},"didChangeWatchedFiles":{"dynamicRegistration":true},"executeCommand":{"dynamicRegistration":true},"symbol":{"dynamicRegistration":true,"symbolKind":{"valueSet":[1,2,3,4,5,6,7,8,9,10,11,12,13,14,15,16,17,18,19,20,21,22,23,24,25,26]}},"workspaceEdit":{"documentChanges":true,"failureHandling":"textOnlyTransactional","resourceOperations":["create","rename","delete"]},"workspaceFolders":true}},"clientInfo":{"name":"vscode","version":"1.80.0"},"initializationOptions":{},"processId":21140,"rootPath":"C:\\Users\\—Ä—Å\\AppData\\Local\\Temp\\arduino-language-server3399030946\\build\\sketch","rootUri":"file:///c%3A/Users/%D1%80%D1%81/AppData/Local/Temp/arduino-language-server3399030946/build/sketch","trace":"off","workspaceFolders":[{"name":"Termometer","uri":"file:///d%3A/Arduino_GitHub/Termometer"}]}}

I[15:32:29.693] <-- initialize("1")
I[15:32:29.707] --> reply:initialize("1") 14 ms
V[15:32:29.707] >>> {"id":"1","jsonrpc":"2.0","result":{"capabilities":{"astProvider":true,"callHierarchyProvider":true,"clangdInlayHintsProvider":true,"codeActionProvider":{"codeActionKinds":["quickfix","refactor","info"]},"compilationDatabase":{"automaticReload":true},"completionProvider":{"allCommitCharacters":[" ","\t","(",")","[","]","{","}","<",">",":",";",",","+","-","/","*","%","^","&","#","?",".","=","\"","'","|"],"resolveProvider":false,"triggerCharacters":[".","<",">",":","\"","/","*"]},"declarationProvider":true,"definitionProvider":true,"documentFormattingProvider":true,"documentHighlightProvider":true,"documentLinkProvider":{"resolveProvider":false},"documentOnTypeFormattingProvider":{"firstTriggerCharacter":"\n","moreTriggerCharacter":[]},"documentRangeFormattingProvider":true,"documentSymbolProvider":true,"executeCommandProvider":{"commands":["clangd.applyFix","clangd.applyTweak"]},"hoverProvider":true,"implementationProvider":true,"memoryUsageProvider":true,"referencesProvider":true,"renameProvider":{"prepareProvider":true},"selectionRangeProvider":true,"semanticTokensProvider":{"full":{"delta":true},"legend":{"tokenModifiers":["declaration","deprecated","deduced","readonly","static","abstract","virtual","dependentName","defaultLibrary","usedAsMutableReference","functionScope","classScope","fileScope","globalScope"],"tokenTypes":["variable","variable","parameter","function","method","function","property","variable","class","interface","enum","enumMember","type","type","unknown","namespace","typeParameter","concept","type","macro","comment"]},"range":false},"signatureHelpProvider":{"triggerCharacters":["(",")","{","}","<",">",","]},"textDocumentSync":{"change":2,"openClose":true,"save":true},"typeDefinitionProvider":true,"typeHierarchyProvider":true,"workspaceSymbolProvider":true},"serverInfo":{"name":"clangd","version":"clangd version 14.0.0 windows x86_64-pc-windows-msvc"}}}

V[15:32:29.709] <<< {"jsonrpc":"2.0","method":"initialized","params":{}}

I[15:32:29.709] <-- initialized
V[15:32:29.711] <<< {"jsonrpc":"2.0","method":"textDocument/didOpen","params":{"textDocument":{"languageId":"cpp","text":"#include <Arduino.h>\n#line 1 \"D:\\\\Arduino_GitHub\\\\Termometer\\\\Termometer.ino\"\n/*1—è–Ω–≤25\n–¢–µ—Ä–º–æ–º–µ—Ç—Ä\n–ü—Ä–æ–µ–∫—Ç 9\nScriptor42\n*/\n\n#include <OneWire.h>\n#include <DallasTemperature.h>\n\n#define ONE_WIRE_BUS 2\n\nOneWire oneWire(ONE_WIRE_BUS);\nDallasTemperature sensors(&oneWire);\n\n#line 15 \"D:\\\\Arduino_GitHub\\\\Termometer\\\\Termometer.ino\"\nvoid setup();\n#line 20 \"D:\\\\Arduino_GitHub\\\\Termometer\\\\Termometer.ino\"\nvoid loop();\n#line 15 \"D:\\\\Arduino_GitHub\\\\Termometer\\\\Termometer.ino\"\nvoid setup() {\n  Serial.begin(9600);\n  sensors.begin();\n}\n\nvoid loop() {\n  sensors.requestTemperatures();\n  float temperatureC = sensors.getTempCByIndex(0);\n  Serial.print(\"Temperature: \");\n  Serial.print(temperatureC);\n  Serial.println(\" ¬∞C\");\n  delay(1000);\n}\n\n\n","uri":"file:///c%3A/Users/%D1%80%D1%81/AppData/Local/Temp/arduino-language-server3399030946/build/sketch/Termometer.ino.cpp","version":1}}}

I[15:32:29.711] <-- textDocument/didOpen
V[15:32:29.713] <<< {"id":"2","jsonrpc":"2.0","method":"textDocument/codeAction","params":{"context":{"diagnostics":[]},"range":{"end":{"character":0,"line":9},"start":{"character":0,"line":9}},"textDocument":{"uri":"file:///c%3A/Users/%D1%80%D1%81/AppData/Local/Temp/arduino-language-server3399030946/build/sketch/Termometer.ino.cpp"}}}

I[15:32:29.713] <-- textDocument/codeAction("2")
V[15:32:29.714] config note at c:\Users\—Ä—Å\AppData\Local\Temp\arduino-language-server3399030946\build\.clangd:1:0: Parsing config fragment
V[15:32:29.714] config note at c:\Users\—Ä—Å\AppData\Local\Temp\arduino-language-server3399030946\build\.clangd:1:0: Parsed 1 fragments from file
V[15:32:29.714] Config fragment: compiling c:\Users\—Ä—Å\AppData\Local\Temp\arduino-language-server3399030946\build\.clangd:1 -> 0x000001FB3AD08270 (trusted=false)
I[15:32:29.715] --> textDocument/publishDiagnostics
V[15:32:29.715] >>> {"jsonrpc":"2.0","method":"textDocument/publishDiagnostics","params":{"diagnostics":[],"uri":"file:///c:/Users/%D1%80%D1%81/AppData/Local/Temp/arduino-language-server3399030946/build/.clangd"}}

I[15:32:29.717] Loaded compilation database from c:\Users\—Ä—Å\AppData\Local\Temp\arduino-language-server3399030946\build\compile_commands.json
V[15:32:29.717] Broadcasting compilation database from c:\Users\—Ä—Å\AppData\Local\Temp\arduino-language-server3399030946\build
V[15:32:29.717] System include extraction: not allowed driver C:\Users\—Ä—Å\AppData\Local\Arduino15\packages\arduino\tools\avr-gcc\7.3.0-atmel3.6.1-arduino7\bin\avr-g++.exe
I[15:32:29.717] ASTWorker building file c:\Users\—Ä—Å\AppData\Local\Temp\arduino-language-server3399030946\build\sketch\Termometer.ino.cpp version 1 with command 
[D:\Arduino_GitHub\Termometer]
"C:\\Users\\\xD1\x80\xD1\x81\\AppData\\Local\\Arduino15\\packages\\arduino\\tools\\avr-gcc\\7.3.0-atmel3.6.1-arduino7\\bin\\avr-g++.exe" --target=avr --driver-mode=g++ -c -g -Os -w -std=gnu++11 -fpermissive -fno-exceptions -ffunction-sections -fdata-sections -fno-threadsafe-statics -Wno-error=narrowing -MMD -flto -mmcu=atmega32u4 -DF_CPU=16000000L -DARDUINO=10607 -DARDUINO_AVR_LEONARDO -DARDUINO_ARCH_AVR -DUSB_VID=0x2341 -DUSB_PID=0x8036 "-DUSB_MANUFACTURER=\"Unknown\"" "-DUSB_PRODUCT=\"Arduino Leonardo\"" "-IC:\\Users\\\xD1\x80\xD1\x81\\AppData\\Local\\Arduino15\\packages\\arduino\\hardware\\avr\\1.8.6\\cores\\arduino" "-IC:\\Users\\\xD1\x80\xD1\x81\\AppData\\Local\\Arduino15\\packages\\arduino\\hardware\\avr\\1.8.6\\variants\\leonardo" "-Ic:\\Users\\\xD1\x80\xD1\x81\\Documents\\Arduino\\libraries\\OneWire" "-Ic:\\Users\\\xD1\x80\xD1\x81\\Documents\\Arduino\\libraries\\DallasTemperature" -o "C:\\Users\\\xD1\x80\xD1\x81\\AppData\\Local\\Temp\\arduino-language-server3399030946\\build\\sketch\\Termometer.ino.cpp.o" -ferror-limit=0 "-resource-dir=c:\\Users\\\xD1\x80\xD1\x81\\AppData\\Local\\Programs\\Arduino IDE\\resources\\app\\lib\\backend\\lib\\clang\\14.0.0" -- "c:\\Users\\\xD1\x80\xD1\x81\\AppData\\Local\\Temp\\arduino-language-server3399030946\\build\\sketch\\Termometer.ino.cpp"
V[15:32:29.721] config note at C:\Users\—Ä—Å\AppData\Local\Temp\arduino-language-server3399030946\build\.clangd:1:0: Parsing config fragment
V[15:32:29.721] config note at C:\Users\—Ä—Å\AppData\Local\Temp\arduino-language-server3399030946\build\.clangd:1:0: Parsed 1 fragments from file
V[15:32:29.721] Config fragment: compiling C:\Users\—Ä—Å\AppData\Local\Temp\arduino-language-server3399030946\build\.clangd:1 -> 0x000001FB3AD08720 (trusted=false)
I[15:32:29.722] --> textDocument/publishDiagnostics
V[15:32:29.722] >>> {"jsonrpc":"2.0","method":"textDocument/publishDiagnostics","params":{"diagnostics":[],"uri":"file:///C:/Users/%D1%80%D1%81/AppData/Local/Temp/arduino-language-server3399030946/build/.clangd"}}

I[15:32:29.727] --> window/workDoneProgress/create(0)
V[15:32:29.727] >>> {"id":0,"jsonrpc":"2.0","method":"window/workDoneProgress/create","params":{"token":"backgroundIndexProgress"}}

I[15:32:29.727] Enqueueing 1 commands for indexing
V[15:32:29.727] <<< {"id":0,"jsonrpc":"2.0","result":null}

I[15:32:29.727] <-- reply(0)
I[15:32:29.727] --> $/progress
V[15:32:29.727] >>> {"jsonrpc":"2.0","method":"$/progress","params":{"token":"backgroundIndexProgress","value":{"kind":"begin","percentage":0,"title":"indexing"}}}

I[15:32:29.727] --> $/progress
V[15:32:29.727] >>> {"jsonrpc":"2.0","method":"$/progress","params":{"token":"backgroundIndexProgress","value":{"kind":"report","message":"0/1","percentage":0}}}

V[15:32:29.728] Failed to load shard: C:\Users\—Ä—Å\AppData\Local\Temp\arduino-language-server3399030946\build\sketch\Termometer.ino.cpp
I[15:32:29.731] --> $/progress
V[15:32:29.731] >>> {"jsonrpc":"2.0","method":"$/progress","params":{"token":"backgroundIndexProgress","value":{"kind":"report","message":"0/2","percentage":0}}}

I[15:32:29.731] --> $/progress
V[15:32:29.731] >>> {"jsonrpc":"2.0","method":"$/progress","params":{"token":"backgroundIndexProgress","value":{"kind":"report","message":"1/2","percentage":50}}}

I[15:32:29.731] --> $/progress
V[15:32:29.731] >>> {"jsonrpc":"2.0","method":"$/progress","params":{"token":"backgroundIndexProgress","value":{"kind":"report","message":"1/2","percentage":50}}}

V[15:32:29.732] Indexing C:\Users\—Ä—Å\AppData\Local\Temp\arduino-language-server3399030946\build\sketch\Termometer.ino.cpp (digest:=D7951E611F288683)
V[15:32:29.736] Driver produced command: cc1 -cc1 -triple avr -fsyntax-only -flto=full -flto-unit -disable-free -clear-ast-before-backend -disable-llvm-verifier -discard-value-names -main-file-name Termometer.ino.cpp -mrelocation-model static -mframe-pointer=all -fmath-errno -ffp-contract=on -fno-rounding-math -mconstructor-aliases -fno-use-init-array -fno-use-cxa-atexit -target-cpu atmega32u4 -mllvm -treat-scalable-fixed-error-as-warning -debug-info-kind=constructor -dwarf-version=5 -debugger-tuning=gdb -ffunction-sections -fdata-sections "-fcoverage-compilation-dir=D:\\Arduino_GitHub\\Termometer" -resource-dir "c:\\Users\\\xD1\x80\xD1\x81\\AppData\\Local\\Programs\\Arduino IDE\\resources\\app\\lib\\backend\\lib\\clang\\14.0.0" -dependency-file "C:\\Users\\\xD1\x80\xD1\x81\\AppData\\Local\\Temp\\arduino-language-server3399030946\\build\\sketch\\Termometer.ino.cpp.d" -MT "C:\\Users\\\xD1\x80\xD1\x81\\AppData\\Local\\Temp\\arduino-language-server3399030946\\build\\sketch\\Termometer.ino.cpp.o" -D F_CPU=16000000L -D ARDUINO=10607 -D ARDUINO_AVR_LEONARDO -D ARDUINO_ARCH_AVR -D USB_VID=0x2341 -D USB_PID=0x8036 -D "USB_MANUFACTURER=\"Unknown\"" -D "USB_PRODUCT=\"Arduino Leonardo\"" -I "C:\\Users\\\xD1\x80\xD1\x81\\AppData\\Local\\Arduino15\\packages\\arduino\\hardware\\avr\\1.8.6\\cores\\arduino" -I "C:\\Users\\\xD1\x80\xD1\x81\\AppData\\Local\\Arduino15\\packages\\arduino\\hardware\\avr\\1.8.6\\variants\\leonardo" -I "c:\\Users\\\xD1\x80\xD1\x81\\Documents\\Arduino\\libraries\\OneWire" -I "c:\\Users\\\xD1\x80\xD1\x81\\Documents\\Arduino\\libraries\\DallasTemperature" -internal-isystem "C:\\Users\\\xD1\x80\xD1\x81\\AppData\\Local\\Arduino15\\packages\\arduino\\tools\\avr-gcc\\7.3.0-atmel3.6.1-arduino7\\bin/../lib/gcc/avr/7.3.0/../../../../avr/include" -Os -Wno-error=narrowing -w -std=gnu++11 -fdeprecated-macro "-fdebug-compilation-dir=D:\\Arduino_GitHub\\Termometer" -ferror-limit 0 -fgnuc-version=4.2.1 -fno-threadsafe-statics -vectorize-loops -vectorize-slp -faddrsig -D__GCC_HAVE_DWARF2_CFI_ASM=1 -x c++ "c:\\Users\\\xD1\x80\xD1\x81\\AppData\\Local\\Temp\\arduino-language-server3399030946\\build\\sketch\\Termometer.ino.cpp"
V[15:32:29.736] Building first preamble for c:\Users\—Ä—Å\AppData\Local\Temp\arduino-language-server3399030946\build\sketch\Termometer.ino.cpp version 1
V[15:32:29.755] Ignored diagnostic. C:\Users\—Ä—Å\AppData\Local\Arduino15\packages\arduino\tools\avr-gcc\7.3.0-atmel3.6.1-arduino7\bin/../lib/gcc/avr/7.3.0/../../../../avr/include\stdlib.h:48:10:'stddef.h' file not found
I[15:32:29.857] Indexed C:\Users\—Ä—Å\AppData\Local\Temp\arduino-language-server3399030946\build\sketch\Termometer.ino.cpp (869 symbols, 4196 refs, 37 files)
I[15:32:29.857] Failed to compile C:\Users\—Ä—Å\AppData\Local\Temp\arduino-language-server3399030946\build\sketch\Termometer.ino.cpp, index may be incomplete
V[15:32:29.860] indexed preamble AST for c:\Users\—Ä—Å\AppData\Local\Temp\arduino-language-server3399030946\build\sketch\Termometer.ino.cpp version 1:
  symbol slab: 3183 symbols, 890574 bytes
  ref slab: 0 symbols, 0 refs, 136 bytes
  relations slab: 14 relations, 347 bytes
V[15:32:29.924] Build dynamic index for header symbols with estimated memory usage of 2470538 bytes
V[15:32:29.926] Built preamble of size 505668 for file c:\Users\—Ä—Å\AppData\Local\Temp\arduino-language-server3399030946\build\sketch\Termometer.ino.cpp version 1
V[15:32:29.970] indexed file AST for c:\Users\—Ä—Å\AppData\Local\Temp\arduino-language-server3399030946\build\sketch\Termometer.ino.cpp version 1:
  symbol slab: 5 symbols, 5384 bytes
  ref slab: 15 symbols, 25 refs, 4688 bytes
  relations slab: 0 relations, 24 bytes
V[15:32:29.971] Build dynamic index for main-file symbols with estimated memory usage of 14592 bytes
I[15:32:29.971] --> textDocument/publishDiagnostics
V[15:32:29.971] >>> {"jsonrpc":"2.0","method":"textDocument/publishDiagnostics","params":{"diagnostics":[{"code":"pp_file_not_found","message":"In included file: 'stddef.h' file not found","range":{"end":{"character":10,"line":0},"start":{"character":9,"line":0}},"relatedInformation":[{"location":{"range":{"end":{"character":19,"line":47},"start":{"character":9,"line":47}},"uri":"file:///C:/Users/%D1%80%D1%81/AppData/Local/Arduino15/packages/arduino/tools/avr-gcc/7.3.0-atmel3.6.1-arduino7/avr/include/stdlib.h"},"message":"Error occurred here"}],"severity":1,"source":"clang"}],"uri":"file:///c:/Users/%D1%80%D1%81/AppData/Local/Temp/arduino-language-server3399030946/build/sketch/Termometer.ino.cpp","version":1}}

V[15:32:29.971] ASTWorker running EnumerateTweaks on version 1 of c:\Users\—Ä—Å\AppData\Local\Temp\arduino-language-server3399030946\build\sketch\Termometer.ino.cpp
I[15:32:29.971] --> reply:textDocument/codeAction("2") 257 ms
V[15:32:29.971] >>> {"id":"2","jsonrpc":"2.0","result":[]}

V[15:32:29.974] <<< {"id":"3","jsonrpc":"2.0","method":"textDocument/hover","params":{"position":{"character":19,"line":11},"textDocument":{"uri":"file:///c%3A/Users/%D1%80%D1%81/AppData/Local/Temp/arduino-language-server3399030946/build/sketch/Termometer.ino.cpp"}}}

I[15:32:29.974] <-- textDocument/hover("3")
V[15:32:29.975] ASTWorker running Hover on version 1 of c:\Users\—Ä—Å\AppData\Local\Temp\arduino-language-server3399030946\build\sketch\Termometer.ino.cpp
I[15:32:29.980] --> reply:textDocument/hover("3") 5 ms
V[15:32:29.980] >>> {"id":"3","jsonrpc":"2.0","result":{"contents":{"kind":"markdown","value":"### macro `ONE_WIRE_BUS`  \n\n---\n```cpp\n#define ONE_WIRE_BUS 2\n```"},"range":{"end":{"character":20,"line":11},"start":{"character":8,"line":11}}}}

V[15:32:29.984] <<< {"id":"4","jsonrpc":"2.0","method":"textDocument/hover","params":{"position":{"character":11,"line":9},"textDocument":{"uri":"file:///c%3A/Users/%D1%80%D1%81/AppData/Local/Temp/arduino-language-server3399030946/build/sketch/Termometer.ino.cpp"}}}

I[15:32:29.984] <-- textDocument/hover("4")
V[15:32:29.984] ASTWorker running Hover on version 1 of c:\Users\—Ä—Å\AppData\Local\Temp\arduino-language-server3399030946\build\sketch\Termometer.ino.cpp
I[15:32:29.986] --> reply:textDocument/hover("4") 2 ms
V[15:32:29.986] >>> {"id":"4","jsonrpc":"2.0","result":{"contents":{"kind":"markdown","value":"### `DallasTemperature.h`  \n\n---\n```\nC:\\Users\\—Ä—Å\\Documents\\Arduino\\libraries\\DallasTemperature\\DallasTemperature.h\n```"}}}

V[15:32:30.229] BackgroundIndex: building version 1 after indexing enough files
V[15:32:30.248] BackgroundIndex: serving version 1 (1943130 bytes)
I[15:32:30.249] --> $/progress
V[15:32:30.249] >>> {"jsonrpc":"2.0","method":"$/progress","params":{"token":"backgroundIndexProgress","value":{"kind":"end"}}}

V[15:32:38.211] <<< {"id":"5","jsonrpc":"2.0","method":"textDocument/hover","params":{"position":{"character":26,"line":13},"textDocument":{"uri":"file:///c%3A/Users/%D1%80%D1%81/AppData/Local/Temp/arduino-language-server3399030946/build/sketch/Termometer.ino.cpp"}}}

I[15:32:38.211] <-- textDocument/hover("5")
V[15:32:38.214] ASTWorker running Hover on version 1 of c:\Users\—Ä—Å\AppData\Local\Temp\arduino-language-server3399030946\build\sketch\Termometer.ino.cpp
I[15:32:38.216] --> reply:textDocument/hover("5") 4 ms
V[15:32:38.216] >>> {"id":"5","jsonrpc":"2.0","result":{"contents":{"kind":"markdown","value":"### macro `ONE_WIRE_BUS`  \n\n---\n```cpp\n#define ONE_WIRE_BUS 2\n```"},"range":{"end":{"character":28,"line":13},"start":{"character":16,"line":13}}}}

V[15:32:44.199] <<< {"jsonrpc":"2.0","method":"textDocument/didSave","params":{"textDocument":{"uri":"file:///c%3A/Users/%D1%80%D1%81/AppData/Local/Temp/arduino-language-server3399030946/build/sketch/Termometer.ino.cpp"}}}

I[15:32:44.199] <-- textDocument/didSave
I[15:32:44.199] File version went from 1 to 1
V[15:32:44.199] <<< {"jsonrpc":"2.0","method":"textDocument/didChange","params":{"contentChanges":[{"text":"#include <Arduino.h>\n#line 1 \"D:\\\\Arduino_GitHub\\\\Termometer\\\\Termometer.ino\"\n/*1—è–Ω–≤25\n–¢–µ—Ä–º–æ–º–µ—Ç—Ä\n–ü—Ä–æ–µ–∫—Ç 9\nScriptor42\n*/\n\n#include <OneWire.h>\n#include <DallasTemperature.h>\n\n#define ONE_WIRE_BUS 2\n\nOneWire oneWire(ONE_WIRE_BUS);\nDallasTemperature sensors(&oneWire);\n\n#line 15 \"D:\\\\Arduino_GitHub\\\\Termometer\\\\Termometer.ino\"\nvoid setup();\n#line 20 \"D:\\\\Arduino_GitHub\\\\Termometer\\\\Termometer.ino\"\nvoid loop();\n#line 15 \"D:\\\\Arduino_GitHub\\\\Termometer\\\\Termometer.ino\"\nvoid setup() {\n  Serial.begin(9600);\n  sensors.begin();\n}\n\nvoid loop() {\n  sensors.requestTemperatures();\n  float temperatureC = sensors.getTempCByIndex(0);\n  Serial.print(\"Temperature: \");\n  Serial.print(temperatureC);\n  Serial.println(\" ¬∞C\");\n  delay(1000);\n}\n\n\n"}],"textDocument":{"uri":"file:///c%3A/Users/%D1%80%D1%81/AppData/Local/Temp/arduino-language-server3399030946/build/sketch/Termometer.ino.cpp","version":2}}}

I[15:32:44.199] <-- textDocument/didChange
V[15:32:44.199] ASTWorker skipping Update (1) for c:\Users\—Ä—Å\AppData\Local\Temp\arduino-language-server3399030946\build\sketch\Termometer.ino.cpp
I[15:32:44.254] Reloaded compilation database from c:\Users\—Ä—Å\AppData\Local\Temp\arduino-language-server3399030946\build\compile_commands.json
V[15:32:44.254] Broadcasting compilation database from c:\Users\—Ä—Å\AppData\Local\Temp\arduino-language-server3399030946\build
I[15:32:44.254] ASTWorker building file c:\Users\—Ä—Å\AppData\Local\Temp\arduino-language-server3399030946\build\sketch\Termometer.ino.cpp version 2 with command 
[D:\Arduino_GitHub\Termometer]
"C:\\Users\\\xD1\x80\xD1\x81\\AppData\\Local\\Arduino15\\packages\\arduino\\tools\\avr-gcc\\7.3.0-atmel3.6.1-arduino7\\bin\\avr-g++.exe" --target=avr --driver-mode=g++ -c -g -Os -w -std=gnu++11 -fpermissive -fno-exceptions -ffunction-sections -fdata-sections -fno-threadsafe-statics -Wno-error=narrowing -MMD -flto -mmcu=atmega32u4 -DF_CPU=16000000L -DARDUINO=10607 -DARDUINO_AVR_LEONARDO -DARDUINO_ARCH_AVR -DUSB_VID=0x2341 -DUSB_PID=0x8036 "-DUSB_MANUFACTURER=\"Unknown\"" "-DUSB_PRODUCT=\"Arduino Leonardo\"" "-IC:\\Users\\\xD1\x80\xD1\x81\\AppData\\Local\\Arduino15\\packages\\arduino\\hardware\\avr\\1.8.6\\cores\\arduino" "-IC:\\Users\\\xD1\x80\xD1\x81\\AppData\\Local\\Arduino15\\packages\\arduino\\hardware\\avr\\1.8.6\\variants\\leonardo" "-Ic:\\Users\\\xD1\x80\xD1\x81\\Documents\\Arduino\\libraries\\OneWire" "-Ic:\\Users\\\xD1\x80\xD1\x81\\Documents\\Arduino\\libraries\\DallasTemperature" -o "C:\\Users\\\xD1\x80\xD1\x81\\AppData\\Local\\Temp\\arduino-language-server3399030946\\build\\sketch\\Termometer.ino.cpp.o" -ferror-limit=0 "-resource-dir=c:\\Users\\\xD1\x80\xD1\x81\\AppData\\Local\\Programs\\Arduino IDE\\resources\\app\\lib\\backend\\lib\\clang\\14.0.0" -- "c:\\Users\\\xD1\x80\xD1\x81\\AppData\\Local\\Temp\\arduino-language-server3399030946\\build\\sketch\\Termometer.ino.cpp"
I[15:32:44.263] --> window/workDoneProgress/create(1)
V[15:32:44.263] >>> {"id":1,"jsonrpc":"2.0","method":"window/workDoneProgress/create","params":{"token":"backgroundIndexProgress"}}

I[15:32:44.263] Enqueueing 1 commands for indexing
V[15:32:44.263] <<< {"id":1,"jsonrpc":"2.0","result":null}

I[15:32:44.263] <-- reply(1)
I[15:32:44.263] --> $/progress
V[15:32:44.263] >>> {"jsonrpc":"2.0","method":"$/progress","params":{"token":"backgroundIndexProgress","value":{"kind":"begin","percentage":0,"title":"indexing"}}}

I[15:32:44.263] --> $/progress
V[15:32:44.263] >>> {"jsonrpc":"2.0","method":"$/progress","params":{"token":"backgroundIndexProgress","value":{"kind":"report","message":"0/1","percentage":0}}}

V[15:32:44.272] Driver produced command: cc1 -cc1 -triple avr -fsyntax-only -flto=full -flto-unit -disable-free -clear-ast-before-backend -disable-llvm-verifier -discard-value-names -main-file-name Termometer.ino.cpp -mrelocation-model static -mframe-pointer=all -fmath-errno -ffp-contract=on -fno-rounding-math -mconstructor-aliases -fno-use-init-array -fno-use-cxa-atexit -target-cpu atmega32u4 -mllvm -treat-scalable-fixed-error-as-warning -debug-info-kind=constructor -dwarf-version=5 -debugger-tuning=gdb -ffunction-sections -fdata-sections "-fcoverage-compilation-dir=D:\\Arduino_GitHub\\Termometer" -resource-dir "c:\\Users\\\xD1\x80\xD1\x81\\AppData\\Local\\Programs\\Arduino IDE\\resources\\app\\lib\\backend\\lib\\clang\\14.0.0" -dependency-file "C:\\Users\\\xD1\x80\xD1\x81\\AppData\\Local\\Temp\\arduino-language-server3399030946\\build\\sketch\\Termometer.ino.cpp.d" -MT "C:\\Users\\\xD1\x80\xD1\x81\\AppData\\Local\\Temp\\arduino-language-server3399030946\\build\\sketch\\Termometer.ino.cpp.o" -D F_CPU=16000000L -D ARDUINO=10607 -D ARDUINO_AVR_LEONARDO -D ARDUINO_ARCH_AVR -D USB_VID=0x2341 -D USB_PID=0x8036 -D "USB_MANUFACTURER=\"Unknown\"" -D "USB_PRODUCT=\"Arduino Leonardo\"" -I "C:\\Users\\\xD1\x80\xD1\x81\\AppData\\Local\\Arduino15\\packages\\arduino\\hardware\\avr\\1.8.6\\cores\\arduino" -I "C:\\Users\\\xD1\x80\xD1\x81\\AppData\\Local\\Arduino15\\packages\\arduino\\hardware\\avr\\1.8.6\\variants\\leonardo" -I "c:\\Users\\\xD1\x80\xD1\x81\\Documents\\Arduino\\libraries\\OneWire" -I "c:\\Users\\\xD1\x80\xD1\x81\\Documents\\Arduino\\libraries\\DallasTemperature" -internal-isystem "C:\\Users\\\xD1\x80\xD1\x81\\AppData\\Local\\Arduino15\\packages\\arduino\\tools\\avr-gcc\\7.3.0-atmel3.6.1-arduino7\\bin/../lib/gcc/avr/7.3.0/../../../../avr/include" -Os -Wno-error=narrowing -w -std=gnu++11 -fdeprecated-macro "-fdebug-compilation-dir=D:\\Arduino_GitHub\\Termometer" -ferror-limit 0 -fgnuc-version=4.2.1 -fno-threadsafe-statics -vectorize-loops -vectorize-slp -faddrsig -D__GCC_HAVE_DWARF2_CFI_ASM=1 -x c++ "c:\\Users\\\xD1\x80\xD1\x81\\AppData\\Local\\Temp\\arduino-language-server3399030946\\build\\sketch\\Termometer.ino.cpp"
V[15:32:44.276] Reusing preamble version 1 for version 2 of c:\Users\—Ä—Å\AppData\Local\Temp\arduino-language-server3399030946\build\sketch\Termometer.ino.cpp
V[15:32:44.284] BackgroundIndex: building version 2 after loading index from disk
V[15:32:44.300] BackgroundIndex: serving version 2 (1943130 bytes)
I[15:32:44.309] --> $/progress
V[15:32:44.309] >>> {"jsonrpc":"2.0","method":"$/progress","params":{"token":"backgroundIndexProgress","value":{"kind":"report","message":"0/1","percentage":0}}}

I[15:32:44.309] --> $/progress
V[15:32:44.309] >>> {"jsonrpc":"2.0","method":"$/progress","params":{"token":"backgroundIndexProgress","value":{"kind":"end"}}}

V[15:32:44.785] <<< {"id":"6","jsonrpc":"2.0","method":"textDocument/hover","params":{"position":{"character":20,"line":13},"textDocument":{"uri":"file:///c%3A/Users/%D1%80%D1%81/AppData/Local/Temp/arduino-language-server3399030946/build/sketch/Termometer.ino.cpp"}}}

I[15:32:44.785] <-- textDocument/hover("6")
V[15:32:44.785] ASTWorker running Hover on version 2 of c:\Users\—Ä—Å\AppData\Local\Temp\arduino-language-server3399030946\build\sketch\Termometer.ino.cpp
I[15:32:44.788] --> reply:textDocument/hover("6") 2 ms
V[15:32:44.788] >>> {"id":"6","jsonrpc":"2.0","result":{"contents":{"kind":"markdown","value":"### macro `ONE_WIRE_BUS`  \n\n---\n```cpp\n#define ONE_WIRE_BUS 2\n```"},"range":{"end":{"character":28,"line":13},"start":{"character":16,"line":13}}}}

V[15:32:45.037] <<< {"id":"7","jsonrpc":"2.0","method":"textDocument/hover","params":{"position":{"character":21,"line":13},"textDocument":{"uri":"file:///c%3A/Users/%D1%80%D1%81/AppData/Local/Temp/arduino-language-server3399030946/build/sketch/Termometer.ino.cpp"}}}

I[15:32:45.037] <-- textDocument/hover("7")
V[15:32:45.037] ASTWorker running Hover on version 2 of c:\Users\—Ä—Å\AppData\Local\Temp\arduino-language-server3399030946\build\sketch\Termometer.ino.cpp
I[15:32:45.039] --> reply:textDocument/hover("7") 2 ms
V[15:32:45.039] >>> {"id":"7","jsonrpc":"2.0","result":{"contents":{"kind":"markdown","value":"### macro `ONE_WIRE_BUS`  \n\n---\n```cpp\n#define ONE_WIRE_BUS 2\n```"},"range":{"end":{"character":28,"line":13},"start":{"character":16,"line":13}}}}

V[15:32:49.538] <<< {"id":"8","jsonrpc":"2.0","method":"textDocument/hover","params":{"position":{"character":3,"line":3},"textDocument":{"uri":"file:///c%3A/Users/%D1%80%D1%81/AppData/Local/Temp/arduino-language-server3399030946/build/sketch/Termometer.ino.cpp"}}}

I[15:32:49.538] <-- textDocument/hover("8")
V[15:32:49.540] ASTWorker running Hover on version 2 of c:\Users\—Ä—Å\AppData\Local\Temp\arduino-language-server3399030946\build\sketch\Termometer.ino.cpp
I[15:32:49.542] --> reply:textDocument/hover("8") 3 ms
V[15:32:49.542] >>> {"id":"8","jsonrpc":"2.0","result":null}

V[15:32:49.928] <<< {"id":"9","jsonrpc":"2.0","method":"textDocument/hover","params":{"position":{"character":0,"line":2},"textDocument":{"uri":"file:///c%3A/Users/%D1%80%D1%81/AppData/Local/Temp/arduino-language-server3399030946/build/sketch/Termometer.ino.cpp"}}}

I[15:32:49.928] <-- textDocument/hover("9")
V[15:32:49.928] ASTWorker running Hover on version 2 of c:\Users\—Ä—Å\AppData\Local\Temp\arduino-language-server3399030946\build\sketch\Termometer.ino.cpp
I[15:32:49.930] --> reply:textDocument/hover("9") 1 ms
V[15:32:49.930] >>> {"id":"9","jsonrpc":"2.0","result":null}

V[15:32:50.925] <<< {"id":"10","jsonrpc":"2.0","method":"textDocument/hover","params":{"position":{"character":0,"line":2},"textDocument":{"uri":"file:///c%3A/Users/%D1%80%D1%81/AppData/Local/Temp/arduino-language-server3399030946/build/sketch/Termometer.ino.cpp"}}}

I[15:32:50.925] <-- textDocument/hover("10")
V[15:32:50.925] ASTWorker running Hover on version 2 of c:\Users\—Ä—Å\AppData\Local\Temp\arduino-language-server3399030946\build\sketch\Termometer.ino.cpp
I[15:32:50.927] --> reply:textDocument/hover("10") 1 ms
V[15:32:50.927] >>> {"id":"10","jsonrpc":"2.0","result":null}

V[15:32:52.216] <<< {"id":"11","jsonrpc":"2.0","method":"textDocument/codeAction","params":{"context":{"diagnostics":[]},"range":{"end":{"character":0,"line":35},"start":{"character":0,"line":2}},"textDocument":{"uri":"file:///c%3A/Users/%D1%80%D1%81/AppData/Local/Temp/arduino-language-server3399030946/build/sketch/Termometer.ino.cpp"}}}

I[15:32:52.216] <-- textDocument/codeAction("11")
V[15:32:52.216] ASTWorker running EnumerateTweaks on version 2 of c:\Users\—Ä—Å\AppData\Local\Temp\arduino-language-server3399030946\build\sketch\Termometer.ino.cpp
I[15:32:52.216] --> reply:textDocument/codeAction("11") 0 ms
V[15:32:52.216] >>> {"id":"11","jsonrpc":"2.0","result":[]}

V[15:32:53.655] <<< {"id":"12","jsonrpc":"2.0","method":"textDocument/codeAction","params":{"context":{"diagnostics":[]},"range":{"end":{"character":0,"line":34},"start":{"character":0,"line":2}},"textDocument":{"uri":"file:///c%3A/Users/%D1%80%D1%81/AppData/Local/Temp/arduino-language-server3399030946/build/sketch/Termometer.ino.cpp"}}}

I[15:32:53.655] <-- textDocument/codeAction("12")
V[15:32:53.655] ASTWorker running EnumerateTweaks on version 2 of c:\Users\—Ä—Å\AppData\Local\Temp\arduino-language-server3399030946\build\sketch\Termometer.ino.cpp
I[15:32:53.655] --> reply:textDocument/codeAction("12") 0 ms
V[15:32:53.655] >>> {"id":"12","jsonrpc":"2.0","result":[]}

V[15:32:54.429] <<< {"id":"13","jsonrpc":"2.0","method":"textDocument/hover","params":{"position":{"character":20,"line":29},"textDocument":{"uri":"file:///c%3A/Users/%D1%80%D1%81/AppData/Local/Temp/arduino-language-server3399030946/build/sketch/Termometer.ino.cpp"}}}

I[15:32:54.429] <-- textDocument/hover("13")
V[15:32:54.429] ASTWorker running Hover on version 2 of c:\Users\—Ä—Å\AppData\Local\Temp\arduino-language-server3399030946\build\sketch\Termometer.ino.cpp
I[15:32:54.431] --> reply:textDocument/hover("13") 2 ms
V[15:32:54.431] >>> {"id":"13","jsonrpc":"2.0","result":null}

V[15:32:54.667] <<< {"id":"14","jsonrpc":"2.0","method":"textDocument/hover","params":{"position":{"character":19,"line":30},"textDocument":{"uri":"file:///c%3A/Users/%D1%80%D1%81/AppData/Local/Temp/arduino-language-server3399030946/build/sketch/Termometer.ino.cpp"}}}

I[15:32:54.667] <-- textDocument/hover("14")
V[15:32:54.669] ASTWorker running Hover on version 2 of c:\Users\—Ä—Å\AppData\Local\Temp\arduino-language-server3399030946\build\sketch\Termometer.ino.cpp
I[15:32:54.671] --> reply:textDocument/hover("14") 4 ms
V[15:32:54.671] >>> {"id":"14","jsonrpc":"2.0","result":{"contents":{"kind":"markdown","value":"### variable `temperatureC`  \n\n---\nType: `float`  \n\n---\n```cpp\n// In loop\nfloat temperatureC = sensors.getTempCByIndex(0)\n```"},"range":{"end":{"character":27,"line":30},"start":{"character":15,"line":30}}}}

V[15:32:55.057] <<< {"id":"15","jsonrpc":"2.0","method":"textDocument/hover","params":{"position":{"character":17,"line":30},"textDocument":{"uri":"file:///c%3A/Users/%D1%80%D1%81/AppData/Local/Temp/arduino-language-server3399030946/build/sketch/Termometer.ino.cpp"}}}

I[15:32:55.058] <-- textDocument/hover("15")
V[15:32:55.058] ASTWorker running Hover on version 2 of c:\Users\—Ä—Å\AppData\Local\Temp\arduino-language-server3399030946\build\sketch\Termometer.ino.cpp
I[15:32:55.060] --> reply:textDocument/hover("15") 2 ms
V[15:32:55.060] >>> {"id":"15","jsonrpc":"2.0","result":{"contents":{"kind":"markdown","value":"### variable `temperatureC`  \n\n---\nType: `float`  \n\n---\n```cpp\n// In loop\nfloat temperatureC = sensors.getTempCByIndex(0)\n```"},"range":{"end":{"character":27,"line":30},"start":{"character":15,"line":30}}}}

V[15:32:59.337] <<< {"id":"16","jsonrpc":"2.0","method":"textDocument/codeAction","params":{"context":{"diagnostics":[]},"range":{"end":{"character":13,"line":26},"start":{"character":13,"line":26}},"textDocument":{"uri":"file:///c%3A/Users/%D1%80%D1%81/AppData/Local/Temp/arduino-language-server3399030946/build/sketch/Termometer.ino.cpp"}}}

I[15:32:59.337] <-- textDocument/codeAction("16")
V[15:32:59.337] ASTWorker running EnumerateTweaks on version 2 of c:\Users\—Ä—Å\AppData\Local\Temp\arduino-language-server3399030946\build\sketch\Termometer.ino.cpp
I[15:32:59.337] --> reply:textDocument/codeAction("16") 0 ms
V[15:32:59.337] >>> {"id":"16","jsonrpc":"2.0","result":[]}

V[15:42:26.981] <<< {"id":"17","jsonrpc":"2.0","method":"textDocument/codeAction","params":{"context":{"diagnostics":[]},"range":{"end":{"character":1,"line":24},"start":{"character":1,"line":24}},"textDocument":{"uri":"file:///c%3A/Users/%D1%80%D1%81/AppData/Local/Temp/arduino-language-server3399030946/build/sketch/Termometer.ino.cpp"}}}

I[15:42:26.981] <-- textDocument/codeAction("17")
V[15:42:26.983] ASTWorker running EnumerateTweaks on version 2 of c:\Users\—Ä—Å\AppData\Local\Temp\arduino-language-server3399030946\build\sketch\Termometer.ino.cpp
I[15:42:26.984] --> reply:textDocument/codeAction("17") 3 ms
V[15:42:26.984] >>> {"id":"17","jsonrpc":"2.0","result":[]}

V[15:42:31.604] <<< {"id":"18","jsonrpc":"2.0","method":"textDocument/hover","params":{"position":{"character":18,"line":9},"textDocument":{"uri":"file:///c%3A/Users/%D1%80%D1%81/AppData/Local/Temp/arduino-language-server3399030946/build/sketch/Termometer.ino.cpp"}}}

I[15:42:31.604] <-- textDocument/hover("18")
V[15:42:31.604] ASTWorker running Hover on version 2 of c:\Users\—Ä—Å\AppData\Local\Temp\arduino-language-server3399030946\build\sketch\Termometer.ino.cpp
I[15:42:31.606] --> reply:textDocument/hover("18") 2 ms
V[15:42:31.606] >>> {"id":"18","jsonrpc":"2.0","result":{"contents":{"kind":"markdown","value":"### `DallasTemperature.h`  \n\n---\n```\nC:\\Users\\—Ä—Å\\Documents\\Arduino\\libraries\\DallasTemperature\\DallasTemperature.h\n```"}}}

V[15:42:32.298] <<< {"id":"19","jsonrpc":"2.0","method":"textDocument/hover","params":{"position":{"character":0,"line":2},"textDocument":{"uri":"file:///c%3A/Users/%D1%80%D1%81/AppData/Local/Temp/arduino-language-server3399030946/build/sketch/Termometer.ino.cpp"}}}

I[15:42:32.298] <-- textDocument/hover("19")
V[15:42:32.301] ASTWorker running Hover on version 2 of c:\Users\—Ä—Å\AppData\Local\Temp\arduino-language-server3399030946\build\sketch\Termometer.ino.cpp
I[15:42:32.302] --> reply:textDocument/hover("19") 4 ms
V[15:42:32.302] >>> {"id":"19","jsonrpc":"2.0","result":null}

V[15:42:33.881] <<< {"id":"20","jsonrpc":"2.0","method":"textDocument/codeAction","params":{"context":{"diagnostics":[]},"range":{"end":{"character":0,"line":35},"start":{"character":0,"line":2}},"textDocument":{"uri":"file:///c%3A/Users/%D1%80%D1%81/AppData/Local/Temp/arduino-language-server3399030946/build/sketch/Termometer.ino.cpp"}}}

I[15:42:33.881] <-- textDocument/codeAction("20")
V[15:42:33.881] ASTWorker running EnumerateTweaks on version 2 of c:\Users\—Ä—Å\AppData\Local\Temp\arduino-language-server3399030946\build\sketch\Termometer.ino.cpp
I[15:42:33.881] --> reply:textDocument/codeAction("20") 0 ms
V[15:42:33.881] >>> {"id":"20","jsonrpc":"2.0","result":[]}

V[15:42:34.518] <<< {"id":"21","jsonrpc":"2.0","method":"textDocument/codeAction","params":{"context":{"diagnostics":[]},"range":{"end":{"character":0,"line":34},"start":{"character":0,"line":2}},"textDocument":{"uri":"file:///c%3A/Users/%D1%80%D1%81/AppData/Local/Temp/arduino-language-server3399030946/build/sketch/Termometer.ino.cpp"}}}

I[15:42:34.518] <-- textDocument/codeAction("21")
V[15:42:34.518] ASTWorker running EnumerateTweaks on version 2 of c:\Users\—Ä—Å\AppData\Local\Temp\arduino-language-server3399030946\build\sketch\Termometer.ino.cpp
I[15:42:34.519] --> reply:textDocument/codeAction("21") 0 ms
V[15:42:34.519] >>> {"id":"21","jsonrpc":"2.0","result":[]}

V[15:42:35.282] <<< {"id":"22","jsonrpc":"2.0","method":"textDocument/hover","params":{"position":{"character":13,"line":29},"textDocument":{"uri":"file:///c%3A/Users/%D1%80%D1%81/AppData/Local/Temp/arduino-language-server3399030946/build/sketch/Termometer.ino.cpp"}}}

I[15:42:35.282] <-- textDocument/hover("22")
V[15:42:35.282] ASTWorker running Hover on version 2 of c:\Users\—Ä—Å\AppData\Local\Temp\arduino-language-server3399030946\build\sketch\Termometer.ino.cpp
I[15:42:35.284] --> reply:textDocument/hover("22") 2 ms
V[15:42:35.284] >>> {"id":"22","jsonrpc":"2.0","result":null}

V[15:42:35.766] <<< {"id":"23","jsonrpc":"2.0","method":"textDocument/hover","params":{"position":{"character":13,"line":30},"textDocument":{"uri":"file:///c%3A/Users/%D1%80%D1%81/AppData/Local/Temp/arduino-language-server3399030946/build/sketch/Termometer.ino.cpp"}}}

I[15:42:35.766] <-- textDocument/hover("23")
V[15:42:35.767] ASTWorker running Hover on version 2 of c:\Users\—Ä—Å\AppData\Local\Temp\arduino-language-server3399030946\build\sketch\Termometer.ino.cpp
I[15:42:35.771] --> reply:textDocument/hover("23") 4 ms
V[15:42:35.771] >>> {"id":"23","jsonrpc":"2.0","result":null}

V[15:42:38.633] <<< {"id":"24","jsonrpc":"2.0","method":"textDocument/codeAction","params":{"context":{"diagnostics":[]},"range":{"end":{"character":14,"line":32},"start":{"character":14,"line":32}},"textDocument":{"uri":"file:///c%3A/Users/%D1%80%D1%81/AppData/Local/Temp/arduino-language-server3399030946/build/sketch/Termometer.ino.cpp"}}}

I[15:42:38.633] <-- textDocument/codeAction("24")
V[15:42:38.635] ASTWorker running EnumerateTweaks on version 2 of c:\Users\—Ä—Å\AppData\Local\Temp\arduino-language-server3399030946\build\sketch\Termometer.ino.cpp
I[15:42:38.635] --> reply:textDocument/codeAction("24") 2 ms
V[15:42:38.635] >>> {"id":"24","jsonrpc":"2.0","result":[]}

V[16:29:23.932] <<< {"id":"25","jsonrpc":"2.0","method":"shutdown","params":null}

I[16:29:23.932] <-- shutdown("25")
I[16:29:23.932] --> reply:shutdown("25") 0 ms
V[16:29:23.932] >>> {"id":"25","jsonrpc":"2.0","result":null}

V[16:29:24.481] <<< {"jsonrpc":"2.0","method":"exit","params":null}

I[16:29:24.481] <-- exit







Started logging.
I[17:28:27.814] clangd version 14.0.0
I[17:28:27.816] Features: windows
I[17:28:27.817] PID: 33188
I[17:28:27.817] Working directory: d:\Arduino_GitHub\Termometer
I[17:28:27.817] argv[0]: c:\Users\Ò\AppData\Local\Programs\Arduino IDE\resources\app\lib\backend\resources\clangd.exe
I[17:28:27.817] argv[1]: -log=verbose
I[17:28:27.817] argv[2]: --pch-storage=memory
I[17:28:27.817] argv[3]: --compile-commands-dir=C:\Users\Ò\AppData\Local\Temp\arduino-language-server126403308\build
I[17:28:27.817] argv[4]: -j
I[17:28:27.817] argv[5]: 1
I[17:28:27.817] argv[6]: -query-driver=C:\Users\Ò\AppData\Local\Arduino15\packages\**
V[17:28:27.834] User config file is C:\Users\—Ä—Å\AppData\Local\clangd\config.yaml
E[17:28:27.834] Path specified by --compile-commands-dir does not exist. The argument will be ignored.
I[17:28:27.834] Starting LSP over stdin/stdout
V[17:28:27.834] <<< {"id":"1","jsonrpc":"2.0","method":"initialize","params":{"capabilities":{"textDocument":{"codeAction":{"codeActionLiteralSupport":{"codeActionKind":{"valueSet":["","quickfix","refactor","refactor.extract","refactor.inline","refactor.rewrite","source","source.organizeImports"]}},"dynamicRegistration":true,"isPreferredSupport":true},"codeLens":{"dynamicRegistration":true},"colorProvider":{"dynamicRegistration":true},"completion":{"completionItem":{"commitCharactersSupport":true,"deprecatedSupport":true,"documentationFormat":["markdown","plaintext"],"preselectSupport":true,"snippetSupport":true,"tagSupport":{"valueSet":[1]}},"completionItemKind":{"valueSet":[1,2,3,4,5,6,7,8,9,10,11,12,13,14,15,16,17,18,19,20,21,22,23,24,25]},"contextSupport":true,"dynamicRegistration":true},"declaration":{"dynamicRegistration":true,"linkSupport":true},"definition":{"dynamicRegistration":true,"linkSupport":true},"documentHighlight":{"dynamicRegistration":true},"documentLink":{"dynamicRegistration":true,"tooltipSupport":true},"documentSymbol":{"dynamicRegistration":true,"hierarchicalDocumentSymbolSupport":true,"symbolKind":{"valueSet":[1,2,3,4,5,6,7,8,9,10,11,12,13,14,15,16,17,18,19,20,21,22,23,24,25,26]}},"foldingRange":{"dynamicRegistration":true,"lineFoldingOnly":true,"rangeLimit":5000},"formatting":{"dynamicRegistration":true},"hover":{"contentFormat":["markdown","plaintext"],"dynamicRegistration":true},"implementation":{"dynamicRegistration":true,"linkSupport":true},"onTypeFormatting":{"dynamicRegistration":true},"publishDiagnostics":{"relatedInformation":true,"tagSupport":{"valueSet":[1,2]}},"rangeFormatting":{"dynamicRegistration":true},"references":{"dynamicRegistration":true},"rename":{"dynamicRegistration":true,"prepareSupport":true},"selectionRange":{"dynamicRegistration":true},"signatureHelp":{"contextSupport":true,"dynamicRegistration":true,"signatureInformation":{"documentationFormat":["markdown","plaintext"],"parameterInformation":{"labelOffsetSupport":true}}},"synchronization":{"didSave":true,"dynamicRegistration":true,"willSave":true,"willSaveWaitUntil":true},"typeDefinition":{"dynamicRegistration":true,"linkSupport":true}},"window":{"workDoneProgress":true},"workspace":{"applyEdit":true,"configuration":true,"didChangeConfiguration":{"dynamicRegistration":true},"didChangeWatchedFiles":{"dynamicRegistration":true},"executeCommand":{"dynamicRegistration":true},"symbol":{"dynamicRegistration":true,"symbolKind":{"valueSet":[1,2,3,4,5,6,7,8,9,10,11,12,13,14,15,16,17,18,19,20,21,22,23,24,25,26]}},"workspaceEdit":{"documentChanges":true,"failureHandling":"textOnlyTransactional","resourceOperations":["create","rename","delete"]},"workspaceFolders":true}},"clientInfo":{"name":"vscode","version":"1.80.0"},"initializationOptions":{},"processId":33868,"rootPath":"C:\\Users\\—Ä—Å\\AppData\\Local\\Temp\\arduino-language-server126403308\\build\\sketch","rootUri":"file:///c%3A/Users/%D1%80%D1%81/AppData/Local/Temp/arduino-language-server126403308/build/sketch","trace":"off","workspaceFolders":[{"name":"Termometer","uri":"file:///d%3A/Arduino_GitHub/Termometer"}]}}

I[17:28:27.834] <-- initialize("1")
I[17:28:27.856] --> reply:initialize("1") 21 ms
V[17:28:27.856] >>> {"id":"1","jsonrpc":"2.0","result":{"capabilities":{"astProvider":true,"callHierarchyProvider":true,"clangdInlayHintsProvider":true,"codeActionProvider":{"codeActionKinds":["quickfix","refactor","info"]},"compilationDatabase":{"automaticReload":true},"completionProvider":{"allCommitCharacters":[" ","\t","(",")","[","]","{","}","<",">",":",";",",","+","-","/","*","%","^","&","#","?",".","=","\"","'","|"],"resolveProvider":false,"triggerCharacters":[".","<",">",":","\"","/","*"]},"declarationProvider":true,"definitionProvider":true,"documentFormattingProvider":true,"documentHighlightProvider":true,"documentLinkProvider":{"resolveProvider":false},"documentOnTypeFormattingProvider":{"firstTriggerCharacter":"\n","moreTriggerCharacter":[]},"documentRangeFormattingProvider":true,"documentSymbolProvider":true,"executeCommandProvider":{"commands":["clangd.applyFix","clangd.applyTweak"]},"hoverProvider":true,"implementationProvider":true,"memoryUsageProvider":true,"referencesProvider":true,"renameProvider":{"prepareProvider":true},"selectionRangeProvider":true,"semanticTokensProvider":{"full":{"delta":true},"legend":{"tokenModifiers":["declaration","deprecated","deduced","readonly","static","abstract","virtual","dependentName","defaultLibrary","usedAsMutableReference","functionScope","classScope","fileScope","globalScope"],"tokenTypes":["variable","variable","parameter","function","method","function","property","variable","class","interface","enum","enumMember","type","type","unknown","namespace","typeParameter","concept","type","macro","comment"]},"range":false},"signatureHelpProvider":{"triggerCharacters":["(",")","{","}","<",">",","]},"textDocumentSync":{"change":2,"openClose":true,"save":true},"typeDefinitionProvider":true,"typeHierarchyProvider":true,"workspaceSymbolProvider":true},"serverInfo":{"name":"clangd","version":"clangd version 14.0.0 windows x86_64-pc-windows-msvc"}}}

V[17:28:27.857] <<< {"jsonrpc":"2.0","method":"initialized","params":{}}

I[17:28:27.857] <-- initialized
V[17:28:27.860] <<< {"jsonrpc":"2.0","method":"textDocument/didOpen","params":{"textDocument":{"languageId":"cpp","text":"#include <Arduino.h>\n#line 1 \"D:\\\\Arduino_GitHub\\\\Termometer\\\\Termometer.ino\"\n/*1—è–Ω–≤25\n–¢–µ—Ä–º–æ–º–µ—Ç—Ä\n–ü—Ä–æ–µ–∫—Ç 9\nScriptor42\n*/\n\n#include <OneWire.h>\n#include <DallasTemperature.h>\n\n#define ONE_WIRE_BUS 2\n\nOneWire oneWire(ONE_WIRE_BUS);\nDallasTemperature sensors(&oneWire);\n\n#line 15 \"D:\\\\Arduino_GitHub\\\\Termometer\\\\Termometer.ino\"\nvoid setup();\n#line 20 \"D:\\\\Arduino_GitHub\\\\Termometer\\\\Termometer.ino\"\nvoid loop();\n#line 15 \"D:\\\\Arduino_GitHub\\\\Termometer\\\\Termometer.ino\"\nvoid setup() {\n  Serial.begin(9600);\n  sensors.begin();\n}\n\nvoid loop() {\n  sensors.requestTemperatures();\n  float temperatureC = sensors.getTempCByIndex(0);\n  Serial.print(\"Temperature: \");\n  Serial.print(temperatureC);\n  Serial.println(\" ¬∞C\");\n  delay(1000);\n}\n\n\n","uri":"file:///c%3A/Users/%D1%80%D1%81/AppData/Local/Temp/arduino-language-server126403308/build/sketch/Termometer.ino.cpp","version":1}}}

I[17:28:27.860] <-- textDocument/didOpen
V[17:28:27.863] <<< {"id":"2","jsonrpc":"2.0","method":"textDocument/codeAction","params":{"context":{"diagnostics":[]},"range":{"end":{"character":14,"line":32},"start":{"character":14,"line":32}},"textDocument":{"uri":"file:///c%3A/Users/%D1%80%D1%81/AppData/Local/Temp/arduino-language-server126403308/build/sketch/Termometer.ino.cpp"}}}

I[17:28:27.863] <-- textDocument/codeAction("2")
V[17:28:27.864] config note at c:\Users\—Ä—Å\AppData\Local\Temp\arduino-language-server126403308\build\.clangd:1:0: Parsing config fragment
V[17:28:27.864] config note at c:\Users\—Ä—Å\AppData\Local\Temp\arduino-language-server126403308\build\.clangd:1:0: Parsed 1 fragments from file
V[17:28:27.864] Config fragment: compiling c:\Users\—Ä—Å\AppData\Local\Temp\arduino-language-server126403308\build\.clangd:1 -> 0x00000299F69D5060 (trusted=false)
I[17:28:27.865] --> textDocument/publishDiagnostics
V[17:28:27.865] >>> {"jsonrpc":"2.0","method":"textDocument/publishDiagnostics","params":{"diagnostics":[],"uri":"file:///c:/Users/%D1%80%D1%81/AppData/Local/Temp/arduino-language-server126403308/build/.clangd"}}

I[17:28:27.868] Loaded compilation database from c:\Users\—Ä—Å\AppData\Local\Temp\arduino-language-server126403308\build\compile_commands.json
V[17:28:27.868] Broadcasting compilation database from c:\Users\—Ä—Å\AppData\Local\Temp\arduino-language-server126403308\build
V[17:28:27.868] System include extraction: not allowed driver C:\Users\—Ä—Å\AppData\Local\Arduino15\packages\arduino\tools\avr-gcc\7.3.0-atmel3.6.1-arduino7\bin\avr-g++.exe
I[17:28:27.869] ASTWorker building file c:\Users\—Ä—Å\AppData\Local\Temp\arduino-language-server126403308\build\sketch\Termometer.ino.cpp version 1 with command 
[D:\Arduino_GitHub\Termometer]
"C:\\Users\\\xD1\x80\xD1\x81\\AppData\\Local\\Arduino15\\packages\\arduino\\tools\\avr-gcc\\7.3.0-atmel3.6.1-arduino7\\bin\\avr-g++.exe" --target=avr --driver-mode=g++ -c -g -Os -w -std=gnu++11 -fpermissive -fno-exceptions -ffunction-sections -fdata-sections -fno-threadsafe-statics -Wno-error=narrowing -MMD -flto -mmcu=atmega32u4 -DF_CPU=16000000L -DARDUINO=10607 -DARDUINO_AVR_LEONARDO -DARDUINO_ARCH_AVR -DUSB_VID=0x2341 -DUSB_PID=0x8036 "-DUSB_MANUFACTURER=\"Unknown\"" "-DUSB_PRODUCT=\"Arduino Leonardo\"" "-IC:\\Users\\\xD1\x80\xD1\x81\\AppData\\Local\\Arduino15\\packages\\arduino\\hardware\\avr\\1.8.6\\cores\\arduino" "-IC:\\Users\\\xD1\x80\xD1\x81\\AppData\\Local\\Arduino15\\packages\\arduino\\hardware\\avr\\1.8.6\\variants\\leonardo" "-Ic:\\Users\\\xD1\x80\xD1\x81\\Documents\\Arduino\\libraries\\OneWire" "-Ic:\\Users\\\xD1\x80\xD1\x81\\Documents\\Arduino\\libraries\\DallasTemperature" -o "C:\\Users\\\xD1\x80\xD1\x81\\AppData\\Local\\Temp\\arduino-language-server126403308\\build\\sketch\\Termometer.ino.cpp.o" -ferror-limit=0 "-resource-dir=c:\\Users\\\xD1\x80\xD1\x81\\AppData\\Local\\Programs\\Arduino IDE\\resources\\app\\lib\\backend\\lib\\clang\\14.0.0" -- "c:\\Users\\\xD1\x80\xD1\x81\\AppData\\Local\\Temp\\arduino-language-server126403308\\build\\sketch\\Termometer.ino.cpp"
V[17:28:27.872] config note at C:\Users\—Ä—Å\AppData\Local\Temp\arduino-language-server126403308\build\.clangd:1:0: Parsing config fragment
V[17:28:27.872] config note at C:\Users\—Ä—Å\AppData\Local\Temp\arduino-language-server126403308\build\.clangd:1:0: Parsed 1 fragments from file
V[17:28:27.872] Config fragment: compiling C:\Users\—Ä—Å\AppData\Local\Temp\arduino-language-server126403308\build\.clangd:1 -> 0x00000299F6940710 (trusted=false)
I[17:28:27.873] --> textDocument/publishDiagnostics
V[17:28:27.873] >>> {"jsonrpc":"2.0","method":"textDocument/publishDiagnostics","params":{"diagnostics":[],"uri":"file:///C:/Users/%D1%80%D1%81/AppData/Local/Temp/arduino-language-server126403308/build/.clangd"}}

I[17:28:27.877] --> window/workDoneProgress/create(0)
V[17:28:27.877] >>> {"id":0,"jsonrpc":"2.0","method":"window/workDoneProgress/create","params":{"token":"backgroundIndexProgress"}}

I[17:28:27.877] Enqueueing 1 commands for indexing
V[17:28:27.877] <<< {"id":0,"jsonrpc":"2.0","result":null}

I[17:28:27.877] <-- reply(0)
I[17:28:27.877] --> $/progress
V[17:28:27.877] >>> {"jsonrpc":"2.0","method":"$/progress","params":{"token":"backgroundIndexProgress","value":{"kind":"begin","percentage":0,"title":"indexing"}}}

I[17:28:27.877] --> $/progress
V[17:28:27.877] >>> {"jsonrpc":"2.0","method":"$/progress","params":{"token":"backgroundIndexProgress","value":{"kind":"report","message":"0/1","percentage":0}}}

V[17:28:27.878] Failed to load shard: C:\Users\—Ä—Å\AppData\Local\Temp\arduino-language-server126403308\build\sketch\Termometer.ino.cpp
I[17:28:27.881] --> $/progress
V[17:28:27.881] >>> {"jsonrpc":"2.0","method":"$/progress","params":{"token":"backgroundIndexProgress","value":{"kind":"report","message":"0/2","percentage":0}}}

I[17:28:27.882] --> $/progress
V[17:28:27.882] >>> {"jsonrpc":"2.0","method":"$/progress","params":{"token":"backgroundIndexProgress","value":{"kind":"report","message":"1/2","percentage":50}}}

I[17:28:27.882] --> $/progress
V[17:28:27.882] >>> {"jsonrpc":"2.0","method":"$/progress","params":{"token":"backgroundIndexProgress","value":{"kind":"report","message":"1/2","percentage":50}}}

V[17:28:27.884] Indexing C:\Users\—Ä—Å\AppData\Local\Temp\arduino-language-server126403308\build\sketch\Termometer.ino.cpp (digest:=D7951E611F288683)
V[17:28:27.895] Driver produced command: cc1 -cc1 -triple avr -fsyntax-only -flto=full -flto-unit -disable-free -clear-ast-before-backend -disable-llvm-verifier -discard-value-names -main-file-name Termometer.ino.cpp -mrelocation-model static -mframe-pointer=all -fmath-errno -ffp-contract=on -fno-rounding-math -mconstructor-aliases -fno-use-init-array -fno-use-cxa-atexit -target-cpu atmega32u4 -mllvm -treat-scalable-fixed-error-as-warning -debug-info-kind=constructor -dwarf-version=5 -debugger-tuning=gdb -ffunction-sections -fdata-sections "-fcoverage-compilation-dir=D:\\Arduino_GitHub\\Termometer" -resource-dir "c:\\Users\\\xD1\x80\xD1\x81\\AppData\\Local\\Programs\\Arduino IDE\\resources\\app\\lib\\backend\\lib\\clang\\14.0.0" -dependency-file "C:\\Users\\\xD1\x80\xD1\x81\\AppData\\Local\\Temp\\arduino-language-server126403308\\build\\sketch\\Termometer.ino.cpp.d" -MT "C:\\Users\\\xD1\x80\xD1\x81\\AppData\\Local\\Temp\\arduino-language-server126403308\\build\\sketch\\Termometer.ino.cpp.o" -D F_CPU=16000000L -D ARDUINO=10607 -D ARDUINO_AVR_LEONARDO -D ARDUINO_ARCH_AVR -D USB_VID=0x2341 -D USB_PID=0x8036 -D "USB_MANUFACTURER=\"Unknown\"" -D "USB_PRODUCT=\"Arduino Leonardo\"" -I "C:\\Users\\\xD1\x80\xD1\x81\\AppData\\Local\\Arduino15\\packages\\arduino\\hardware\\avr\\1.8.6\\cores\\arduino" -I "C:\\Users\\\xD1\x80\xD1\x81\\AppData\\Local\\Arduino15\\packages\\arduino\\hardware\\avr\\1.8.6\\variants\\leonardo" -I "c:\\Users\\\xD1\x80\xD1\x81\\Documents\\Arduino\\libraries\\OneWire" -I "c:\\Users\\\xD1\x80\xD1\x81\\Documents\\Arduino\\libraries\\DallasTemperature" -internal-isystem "C:\\Users\\\xD1\x80\xD1\x81\\AppData\\Local\\Arduino15\\packages\\arduino\\tools\\avr-gcc\\7.3.0-atmel3.6.1-arduino7\\bin/../lib/gcc/avr/7.3.0/../../../../avr/include" -Os -Wno-error=narrowing -w -std=gnu++11 -fdeprecated-macro "-fdebug-compilation-dir=D:\\Arduino_GitHub\\Termometer" -ferror-limit 0 -fgnuc-version=4.2.1 -fno-threadsafe-statics -vectorize-loops -vectorize-slp -faddrsig -D__GCC_HAVE_DWARF2_CFI_ASM=1 -x c++ "c:\\Users\\\xD1\x80\xD1\x81\\AppData\\Local\\Temp\\arduino-language-server126403308\\build\\sketch\\Termometer.ino.cpp"
V[17:28:27.895] Building first preamble for c:\Users\—Ä—Å\AppData\Local\Temp\arduino-language-server126403308\build\sketch\Termometer.ino.cpp version 1
V[17:28:27.915] Ignored diagnostic. C:\Users\—Ä—Å\AppData\Local\Arduino15\packages\arduino\tools\avr-gcc\7.3.0-atmel3.6.1-arduino7\bin/../lib/gcc/avr/7.3.0/../../../../avr/include\stdlib.h:48:10:'stddef.h' file not found
V[17:28:28.031] indexed preamble AST for c:\Users\—Ä—Å\AppData\Local\Temp\arduino-language-server126403308\build\sketch\Termometer.ino.cpp version 1:
  symbol slab: 3183 symbols, 890574 bytes
  ref slab: 0 symbols, 0 refs, 136 bytes
  relations slab: 14 relations, 347 bytes
I[17:28:28.081] Indexed C:\Users\—Ä—Å\AppData\Local\Temp\arduino-language-server126403308\build\sketch\Termometer.ino.cpp (869 symbols, 4196 refs, 37 files)
I[17:28:28.081] Failed to compile C:\Users\—Ä—Å\AppData\Local\Temp\arduino-language-server126403308\build\sketch\Termometer.ino.cpp, index may be incomplete
V[17:28:28.099] Build dynamic index for header symbols with estimated memory usage of 2470442 bytes
V[17:28:28.101] Built preamble of size 505664 for file c:\Users\—Ä—Å\AppData\Local\Temp\arduino-language-server126403308\build\sketch\Termometer.ino.cpp version 1
V[17:28:28.156] indexed file AST for c:\Users\—Ä—Å\AppData\Local\Temp\arduino-language-server126403308\build\sketch\Termometer.ino.cpp version 1:
  symbol slab: 5 symbols, 5384 bytes
  ref slab: 15 symbols, 25 refs, 4688 bytes
  relations slab: 0 relations, 24 bytes
V[17:28:28.156] Build dynamic index for main-file symbols with estimated memory usage of 14592 bytes
I[17:28:28.156] --> textDocument/publishDiagnostics
V[17:28:28.156] >>> {"jsonrpc":"2.0","method":"textDocument/publishDiagnostics","params":{"diagnostics":[{"code":"pp_file_not_found","message":"In included file: 'stddef.h' file not found","range":{"end":{"character":10,"line":0},"start":{"character":9,"line":0}},"relatedInformation":[{"location":{"range":{"end":{"character":19,"line":47},"start":{"character":9,"line":47}},"uri":"file:///C:/Users/%D1%80%D1%81/AppData/Local/Arduino15/packages/arduino/tools/avr-gcc/7.3.0-atmel3.6.1-arduino7/avr/include/stdlib.h"},"message":"Error occurred here"}],"severity":1,"source":"clang"}],"uri":"file:///c:/Users/%D1%80%D1%81/AppData/Local/Temp/arduino-language-server126403308/build/sketch/Termometer.ino.cpp","version":1}}

V[17:28:28.156] ASTWorker running EnumerateTweaks on version 1 of c:\Users\—Ä—Å\AppData\Local\Temp\arduino-language-server126403308\build\sketch\Termometer.ino.cpp
I[17:28:28.156] --> reply:textDocument/codeAction("2") 293 ms
V[17:28:28.156] >>> {"id":"2","jsonrpc":"2.0","result":[]}

V[17:28:28.512] BackgroundIndex: building version 1 after indexing enough files
V[17:28:28.529] BackgroundIndex: serving version 1 (1943130 bytes)
I[17:28:28.531] --> $/progress
V[17:28:28.531] >>> {"jsonrpc":"2.0","method":"$/progress","params":{"token":"backgroundIndexProgress","value":{"kind":"end"}}}

