






Started logging.

>>>
Content-Length: 3102

{"jsonrpc":"2.0","id":"1","method":"initialize","params":{"processId":21140,"clientInfo":{"name":"vscode","version":"1.80.0"},"rootPath":"C:\\Users\\рс\\AppData\\Local\\Temp\\arduino-language-server3413025801\\build\\sketch","rootUri":"file:///c%3A/Users/%D1%80%D1%81/AppData/Local/Temp/arduino-language-server3413025801/build/sketch","initializationOptions":{},"capabilities":{"workspace":{"applyEdit":true,"workspaceEdit":{"documentChanges":true,"resourceOperations":["create","rename","delete"],"failureHandling":"textOnlyTransactional"},"didChangeConfiguration":{"dynamicRegistration":true},"didChangeWatchedFiles":{"dynamicRegistration":true},"symbol":{"dynamicRegistration":true,"symbolKind":{"valueSet":[1,2,3,4,5,6,7,8,9,10,11,12,13,14,15,16,17,18,19,20,21,22,23,24,25,26]}},"executeCommand":{"dynamicRegistration":true},"workspaceFolders":true,"configuration":true},"textDocument":{"synchronization":{"dynamicRegistration":true,"willSave":true,"willSaveWaitUntil":true,"didSave":true},"completion":{"dynamicRegistration":true,"completionItem":{"snippetSupport":true,"commitCharactersSupport":true,"documentationFormat":["markdown","plaintext"],"deprecatedSupport":true,"preselectSupport":true,"tagSupport":{"valueSet":[1]}},"completionItemKind":{"valueSet":[1,2,3,4,5,6,7,8,9,10,11,12,13,14,15,16,17,18,19,20,21,22,23,24,25]},"contextSupport":true},"hover":{"dynamicRegistration":true,"contentFormat":["markdown","plaintext"]},"signatureHelp":{"dynamicRegistration":true,"signatureInformation":{"documentationFormat":["markdown","plaintext"],"parameterInformation":{"labelOffsetSupport":true}},"contextSupport":true},"declaration":{"dynamicRegistration":true,"linkSupport":true},"definition":{"dynamicRegistration":true,"linkSupport":true},"typeDefinition":{"dynamicRegistration":true,"linkSupport":true},"implementation":{"dynamicRegistration":true,"linkSupport":true},"references":{"dynamicRegistration":true},"documentHighlight":{"dynamicRegistration":true},"documentSymbol":{"dynamicRegistration":true,"symbolKind":{"valueSet":[1,2,3,4,5,6,7,8,9,10,11,12,13,14,15,16,17,18,19,20,21,22,23,24,25,26]},"hierarchicalDocumentSymbolSupport":true},"codeAction":{"dynamicRegistration":true,"codeActionLiteralSupport":{"codeActionKind":{"valueSet":["","quickfix","refactor","refactor.extract","refactor.inline","refactor.rewrite","source","source.organizeImports"]}},"isPreferredSupport":true},"codeLens":{"dynamicRegistration":true},"documentLink":{"dynamicRegistration":true,"tooltipSupport":true},"colorProvider":{"dynamicRegistration":true},"formatting":{"dynamicRegistration":true},"rangeFormatting":{"dynamicRegistration":true},"onTypeFormatting":{"dynamicRegistration":true},"rename":{"dynamicRegistration":true,"prepareSupport":true},"publishDiagnostics":{"relatedInformation":true,"tagSupport":{"valueSet":[1,2]}},"foldingRange":{"dynamicRegistration":true,"rangeLimit":5000,"lineFoldingOnly":true},"selectionRange":{"dynamicRegistration":true}},"window":{"workDoneProgress":true}},"trace":"off","workspaceFolders":[{"uri":"file:///d%3A/Arduino_GitHub/Termometer","name":"Termometer"}]}}
<<<
Content-Length: 1905

{"id":"1","jsonrpc":"2.0","result":{"capabilities":{"astProvider":true,"callHierarchyProvider":true,"clangdInlayHintsProvider":true,"codeActionProvider":{"codeActionKinds":["quickfix","refactor","info"]},"compilationDatabase":{"automaticReload":true},"completionProvider":{"allCommitCharacters":[" ","\t","(",")","[","]","{","}","<",">",":",";",",","+","-","/","*","%","^","&","#","?",".","=","\"","'","|"],"resolveProvider":false,"triggerCharacters":[".","<",">",":","\"","/","*"]},"declarationProvider":true,"definitionProvider":true,"documentFormattingProvider":true,"documentHighlightProvider":true,"documentLinkProvider":{"resolveProvider":false},"documentOnTypeFormattingProvider":{"firstTriggerCharacter":"\n","moreTriggerCharacter":[]},"documentRangeFormattingProvider":true,"documentSymbolProvider":true,"executeCommandProvider":{"commands":["clangd.applyFix","clangd.applyTweak"]},"hoverProvider":true,"implementationProvider":true,"memoryUsageProvider":true,"referencesProvider":true,"renameProvider":{"prepareProvider":true},"selectionRangeProvider":true,"semanticTokensProvider":{"full":{"delta":true},"legend":{"tokenModifiers":["declaration","deprecated","deduced","readonly","static","abstract","virtual","dependentName","defaultLibrary","usedAsMutableReference","functionScope","classScope","fileScope","globalScope"],"tokenTypes":["variable","variable","parameter","function","method","function","property","variable","class","interface","enum","enumMember","type","type","unknown","namespace","typeParameter","concept","type","macro","comment"]},"range":false},"signatureHelpProvider":{"triggerCharacters":["(",")","{","}","<",">",","]},"textDocumentSync":{"change":2,"openClose":true,"save":true},"typeDefinitionProvider":true,"typeHierarchyProvider":true,"workspaceSymbolProvider":true},"serverInfo":{"name":"clangd","version":"clangd version 14.0.0 windows x86_64-pc-windows-msvc"}}}
>>>
Content-Length: 52

{"jsonrpc":"2.0","method":"initialized","params":{}}Content-Length: 1101

{"jsonrpc":"2.0","method":"textDocument/didOpen","params":{"textDocument":{"uri":"file:///c%3A/Users/%D1%80%D1%81/AppData/Local/Temp/arduino-language-server3413025801/build/sketch/Termometer.ino.cpp","languageId":"cpp","version":1,"text":"#include \u003cArduino.h\u003e\n#line 1 \"D:\\\\Arduino_GitHub\\\\Termometer\\\\Termometer.ino\"\n/*1янв25\nТермометр\nПроект 9\nScriptor42\n*/\n\n#include \u003cOneWire.h\u003e\n#include \u003cDallasTemperature.h\u003e\n\n#define ONE_WIRE_BUS 2\n\nOneWire oneWire(ONE_WIRE_BUS);\nDallasTemperature sensors(\u0026oneWire);\n\n#line 15 \"D:\\\\Arduino_GitHub\\\\Termometer\\\\Termometer.ino\"\nvoid setup();\n#line 20 \"D:\\\\Arduino_GitHub\\\\Termometer\\\\Termometer.ino\"\nvoid loop();\n#line 15 \"D:\\\\Arduino_GitHub\\\\Termometer\\\\Termometer.ino\"\nvoid setup() {\n  Serial.begin(9600);\n  sensors.begin();\n}\n\nvoid loop() {\n  sensors.requestTemperatures();\n  float temperatureC = sensors.getTempCByIndex(0);\n  Serial.print(\"Temperature: \");\n  Serial.print(temperatureC);\n  Serial.println(\" °C\");\n  delay(1000);\n}\n\n\n"}}}Content-Length: 317

{"jsonrpc":"2.0","id":"2","method":"textDocument/codeAction","params":{"textDocument":{"uri":"file:///c%3A/Users/%D1%80%D1%81/AppData/Local/Temp/arduino-language-server3413025801/build/sketch/Termometer.ino.cpp"},"range":{"start":{"line":2,"character":0},"end":{"line":2,"character":0}},"context":{"diagnostics":[]}}}
<<<
Content-Length: 193

{"jsonrpc":"2.0","method":"textDocument/publishDiagnostics","params":{"diagnostics":[],"uri":"file:///c:/Users/%D1%80%D1%81/AppData/Local/Temp/arduino-language-server3413025801/build/.clangd"}}Content-Length: 193

{"jsonrpc":"2.0","method":"textDocument/publishDiagnostics","params":{"diagnostics":[],"uri":"file:///C:/Users/%D1%80%D1%81/AppData/Local/Temp/arduino-language-server3413025801/build/.clangd"}}Content-Length: 111

{"id":0,"jsonrpc":"2.0","method":"window/workDoneProgress/create","params":{"token":"backgroundIndexProgress"}}
>>>
Content-Length: 38

{"jsonrpc":"2.0","id":0,"result":null}
<<<
Content-Length: 143

{"jsonrpc":"2.0","method":"$/progress","params":{"token":"backgroundIndexProgress","value":{"kind":"begin","percentage":0,"title":"indexing"}}}Content-Length: 141

{"jsonrpc":"2.0","method":"$/progress","params":{"token":"backgroundIndexProgress","value":{"kind":"report","message":"0/1","percentage":0}}}Content-Length: 141

{"jsonrpc":"2.0","method":"$/progress","params":{"token":"backgroundIndexProgress","value":{"kind":"report","message":"0/2","percentage":0}}}Content-Length: 142

{"jsonrpc":"2.0","method":"$/progress","params":{"token":"backgroundIndexProgress","value":{"kind":"report","message":"1/2","percentage":50}}}Content-Length: 142

{"jsonrpc":"2.0","method":"$/progress","params":{"token":"backgroundIndexProgress","value":{"kind":"report","message":"1/2","percentage":50}}}Content-Length: 1106

{"jsonrpc":"2.0","method":"textDocument/publishDiagnostics","params":{"diagnostics":[{"code":"pp_file_not_found","message":"In included file: 'stddef.h' file not found","range":{"end":{"character":10,"line":0},"start":{"character":9,"line":0}},"relatedInformation":[{"location":{"range":{"end":{"character":19,"line":47},"start":{"character":9,"line":47}},"uri":"file:///C:/Users/%D1%80%D1%81/AppData/Local/Arduino15/packages/arduino/tools/avr-gcc/7.3.0-atmel3.6.1-arduino7/avr/include/stdlib.h"},"message":"Error occurred here"}],"severity":1,"source":"clang"},{"code":"unknown_typename","message":"Unknown type name 'OneWire'","range":{"end":{"character":7,"line":13},"start":{"character":0,"line":13}},"relatedInformation":[],"severity":1,"source":"clang"},{"code":"unknown_typename","message":"Unknown type name 'DallasTemperature'","range":{"end":{"character":17,"line":14},"start":{"character":0,"line":14}},"relatedInformation":[],"severity":1,"source":"clang"}],"uri":"file:///c:/Users/%D1%80%D1%81/AppData/Local/Temp/arduino-language-server3413025801/build/sketch/Termometer.ino.cpp","version":1}}Content-Length: 38

{"id":"2","jsonrpc":"2.0","result":[]}
>>>
Content-Length: 218

{"jsonrpc":"2.0","id":"3","method":"textDocument/documentSymbol","params":{"textDocument":{"uri":"file:///c%3A/Users/%D1%80%D1%81/AppData/Local/Temp/arduino-language-server3413025801/build/sketch/Termometer.ino.cpp"}}}
<<<
Content-Length: 1282

{"id":"3","jsonrpc":"2.0","result":[{"detail":"int","kind":13,"name":"oneWire","range":{"end":{"character":15,"line":13},"start":{"character":0,"line":13}},"selectionRange":{"end":{"character":15,"line":13},"start":{"character":8,"line":13}}},{"detail":"int","kind":13,"name":"sensors","range":{"end":{"character":25,"line":14},"start":{"character":0,"line":14}},"selectionRange":{"end":{"character":25,"line":14},"start":{"character":18,"line":14}}},{"detail":"void ()","kind":12,"name":"setup","range":{"end":{"character":12,"line":17},"start":{"character":0,"line":17}},"selectionRange":{"end":{"character":10,"line":17},"start":{"character":5,"line":17}}},{"detail":"void ()","kind":12,"name":"loop","range":{"end":{"character":11,"line":19},"start":{"character":0,"line":19}},"selectionRange":{"end":{"character":9,"line":19},"start":{"character":5,"line":19}}},{"detail":"void ()","kind":12,"name":"setup","range":{"end":{"character":1,"line":24},"start":{"character":0,"line":21}},"selectionRange":{"end":{"character":10,"line":21},"start":{"character":5,"line":21}}},{"detail":"void ()","kind":12,"name":"loop","range":{"end":{"character":1,"line":33},"start":{"character":0,"line":26}},"selectionRange":{"end":{"character":9,"line":26},"start":{"character":5,"line":26}}}]}
>>>
Content-Length: 218

{"jsonrpc":"2.0","id":"4","method":"textDocument/documentSymbol","params":{"textDocument":{"uri":"file:///c%3A/Users/%D1%80%D1%81/AppData/Local/Temp/arduino-language-server3413025801/build/sketch/Termometer.ino.cpp"}}}
<<<
Content-Length: 1282

{"id":"4","jsonrpc":"2.0","result":[{"detail":"int","kind":13,"name":"oneWire","range":{"end":{"character":15,"line":13},"start":{"character":0,"line":13}},"selectionRange":{"end":{"character":15,"line":13},"start":{"character":8,"line":13}}},{"detail":"int","kind":13,"name":"sensors","range":{"end":{"character":25,"line":14},"start":{"character":0,"line":14}},"selectionRange":{"end":{"character":25,"line":14},"start":{"character":18,"line":14}}},{"detail":"void ()","kind":12,"name":"setup","range":{"end":{"character":12,"line":17},"start":{"character":0,"line":17}},"selectionRange":{"end":{"character":10,"line":17},"start":{"character":5,"line":17}}},{"detail":"void ()","kind":12,"name":"loop","range":{"end":{"character":11,"line":19},"start":{"character":0,"line":19}},"selectionRange":{"end":{"character":9,"line":19},"start":{"character":5,"line":19}}},{"detail":"void ()","kind":12,"name":"setup","range":{"end":{"character":1,"line":24},"start":{"character":0,"line":21}},"selectionRange":{"end":{"character":10,"line":21},"start":{"character":5,"line":21}}},{"detail":"void ()","kind":12,"name":"loop","range":{"end":{"character":1,"line":33},"start":{"character":0,"line":26}},"selectionRange":{"end":{"character":9,"line":26},"start":{"character":5,"line":26}}}]}
>>>
Content-Length: 317

{"jsonrpc":"2.0","id":"5","method":"textDocument/codeAction","params":{"textDocument":{"uri":"file:///c%3A/Users/%D1%80%D1%81/AppData/Local/Temp/arduino-language-server3413025801/build/sketch/Termometer.ino.cpp"},"range":{"start":{"line":9,"character":0},"end":{"line":9,"character":0}},"context":{"diagnostics":[]}}}
<<<
Content-Length: 38

{"id":"5","jsonrpc":"2.0","result":[]}Content-Length: 107

{"jsonrpc":"2.0","method":"$/progress","params":{"token":"backgroundIndexProgress","value":{"kind":"end"}}}
>>>
Content-Length: 202

{"jsonrpc":"2.0","method":"textDocument/didSave","params":{"textDocument":{"uri":"file:///c%3A/Users/%D1%80%D1%81/AppData/Local/Temp/arduino-language-server3413025801/build/sketch/Termometer.ino.cpp"}}}Content-Length: 1105

{"jsonrpc":"2.0","method":"textDocument/didChange","params":{"textDocument":{"uri":"file:///c%3A/Users/%D1%80%D1%81/AppData/Local/Temp/arduino-language-server3413025801/build/sketch/Termometer.ino.cpp","version":2},"contentChanges":[{"text":"#include \u003cArduino.h\u003e\n#line 1 \"D:\\\\Arduino_GitHub\\\\Termometer\\\\Termometer.ino\"\n/*1янв25\nТермометр\nПроект 9\nScriptor42\n*/\n\n#include \u003cOneWire.h\u003e\n#include \u003cDallasTemperature.h\u003e\n\n#define ONE_WIRE_BUS 2\n\nOneWire oneWire(ONE_WIRE_BUS);\nDallasTemperature sensors(\u0026oneWire);\n\n#line 15 \"D:\\\\Arduino_GitHub\\\\Termometer\\\\Termometer.ino\"\nvoid setup();\n#line 20 \"D:\\\\Arduino_GitHub\\\\Termometer\\\\Termometer.ino\"\nvoid loop();\n#line 15 \"D:\\\\Arduino_GitHub\\\\Termometer\\\\Termometer.ino\"\nvoid setup() {\n  Serial.begin(9600);\n  sensors.begin();\n}\n\nvoid loop() {\n  sensors.requestTemperatures();\n  float temperatureC = sensors.getTempCByIndex(0);\n  Serial.print(\"Temperature: \");\n  Serial.print(temperatureC);\n  Serial.println(\" °C\");\n  delay(1000);\n}\n\n\n"}]}}Content-Length: 247

{"jsonrpc":"2.0","id":"6","method":"textDocument/hover","params":{"textDocument":{"uri":"file:///c%3A/Users/%D1%80%D1%81/AppData/Local/Temp/arduino-language-server3413025801/build/sketch/Termometer.ino.cpp"},"position":{"line":28,"character":42}}}
<<<
Content-Length: 40

{"id":"6","jsonrpc":"2.0","result":null}
>>>
Content-Length: 246

{"jsonrpc":"2.0","id":"7","method":"textDocument/hover","params":{"textDocument":{"uri":"file:///c%3A/Users/%D1%80%D1%81/AppData/Local/Temp/arduino-language-server3413025801/build/sketch/Termometer.ino.cpp"},"position":{"line":9,"character":24}}}
<<<
Content-Length: 40

{"id":"7","jsonrpc":"2.0","result":null}
>>>
Content-Length: 246

{"jsonrpc":"2.0","id":"8","method":"textDocument/hover","params":{"textDocument":{"uri":"file:///c%3A/Users/%D1%80%D1%81/AppData/Local/Temp/arduino-language-server3413025801/build/sketch/Termometer.ino.cpp"},"position":{"line":9,"character":24}}}
<<<
Content-Length: 40

{"id":"8","jsonrpc":"2.0","result":null}
>>>
Content-Length: 60

{"jsonrpc":"2.0","id":"9","method":"shutdown","params":null}
<<<
Content-Length: 40

{"id":"9","jsonrpc":"2.0","result":null}
>>>
Content-Length: 47

{"jsonrpc":"2.0","method":"exit","params":null}Content-Length: 47

{"jsonrpc":"2.0","method":"exit","params":null}






Started logging.

>>>
Content-Length: 3102

{"jsonrpc":"2.0","id":"1","method":"initialize","params":{"processId":21140,"clientInfo":{"name":"vscode","version":"1.80.0"},"rootPath":"C:\\Users\\рс\\AppData\\Local\\Temp\\arduino-language-server3399030946\\build\\sketch","rootUri":"file:///c%3A/Users/%D1%80%D1%81/AppData/Local/Temp/arduino-language-server3399030946/build/sketch","initializationOptions":{},"capabilities":{"workspace":{"applyEdit":true,"workspaceEdit":{"documentChanges":true,"resourceOperations":["create","rename","delete"],"failureHandling":"textOnlyTransactional"},"didChangeConfiguration":{"dynamicRegistration":true},"didChangeWatchedFiles":{"dynamicRegistration":true},"symbol":{"dynamicRegistration":true,"symbolKind":{"valueSet":[1,2,3,4,5,6,7,8,9,10,11,12,13,14,15,16,17,18,19,20,21,22,23,24,25,26]}},"executeCommand":{"dynamicRegistration":true},"workspaceFolders":true,"configuration":true},"textDocument":{"synchronization":{"dynamicRegistration":true,"willSave":true,"willSaveWaitUntil":true,"didSave":true},"completion":{"dynamicRegistration":true,"completionItem":{"snippetSupport":true,"commitCharactersSupport":true,"documentationFormat":["markdown","plaintext"],"deprecatedSupport":true,"preselectSupport":true,"tagSupport":{"valueSet":[1]}},"completionItemKind":{"valueSet":[1,2,3,4,5,6,7,8,9,10,11,12,13,14,15,16,17,18,19,20,21,22,23,24,25]},"contextSupport":true},"hover":{"dynamicRegistration":true,"contentFormat":["markdown","plaintext"]},"signatureHelp":{"dynamicRegistration":true,"signatureInformation":{"documentationFormat":["markdown","plaintext"],"parameterInformation":{"labelOffsetSupport":true}},"contextSupport":true},"declaration":{"dynamicRegistration":true,"linkSupport":true},"definition":{"dynamicRegistration":true,"linkSupport":true},"typeDefinition":{"dynamicRegistration":true,"linkSupport":true},"implementation":{"dynamicRegistration":true,"linkSupport":true},"references":{"dynamicRegistration":true},"documentHighlight":{"dynamicRegistration":true},"documentSymbol":{"dynamicRegistration":true,"symbolKind":{"valueSet":[1,2,3,4,5,6,7,8,9,10,11,12,13,14,15,16,17,18,19,20,21,22,23,24,25,26]},"hierarchicalDocumentSymbolSupport":true},"codeAction":{"dynamicRegistration":true,"codeActionLiteralSupport":{"codeActionKind":{"valueSet":["","quickfix","refactor","refactor.extract","refactor.inline","refactor.rewrite","source","source.organizeImports"]}},"isPreferredSupport":true},"codeLens":{"dynamicRegistration":true},"documentLink":{"dynamicRegistration":true,"tooltipSupport":true},"colorProvider":{"dynamicRegistration":true},"formatting":{"dynamicRegistration":true},"rangeFormatting":{"dynamicRegistration":true},"onTypeFormatting":{"dynamicRegistration":true},"rename":{"dynamicRegistration":true,"prepareSupport":true},"publishDiagnostics":{"relatedInformation":true,"tagSupport":{"valueSet":[1,2]}},"foldingRange":{"dynamicRegistration":true,"rangeLimit":5000,"lineFoldingOnly":true},"selectionRange":{"dynamicRegistration":true}},"window":{"workDoneProgress":true}},"trace":"off","workspaceFolders":[{"uri":"file:///d%3A/Arduino_GitHub/Termometer","name":"Termometer"}]}}
<<<
Content-Length: 1905

{"id":"1","jsonrpc":"2.0","result":{"capabilities":{"astProvider":true,"callHierarchyProvider":true,"clangdInlayHintsProvider":true,"codeActionProvider":{"codeActionKinds":["quickfix","refactor","info"]},"compilationDatabase":{"automaticReload":true},"completionProvider":{"allCommitCharacters":[" ","\t","(",")","[","]","{","}","<",">",":",";",",","+","-","/","*","%","^","&","#","?",".","=","\"","'","|"],"resolveProvider":false,"triggerCharacters":[".","<",">",":","\"","/","*"]},"declarationProvider":true,"definitionProvider":true,"documentFormattingProvider":true,"documentHighlightProvider":true,"documentLinkProvider":{"resolveProvider":false},"documentOnTypeFormattingProvider":{"firstTriggerCharacter":"\n","moreTriggerCharacter":[]},"documentRangeFormattingProvider":true,"documentSymbolProvider":true,"executeCommandProvider":{"commands":["clangd.applyFix","clangd.applyTweak"]},"hoverProvider":true,"implementationProvider":true,"memoryUsageProvider":true,"referencesProvider":true,"renameProvider":{"prepareProvider":true},"selectionRangeProvider":true,"semanticTokensProvider":{"full":{"delta":true},"legend":{"tokenModifiers":["declaration","deprecated","deduced","readonly","static","abstract","virtual","dependentName","defaultLibrary","usedAsMutableReference","functionScope","classScope","fileScope","globalScope"],"tokenTypes":["variable","variable","parameter","function","method","function","property","variable","class","interface","enum","enumMember","type","type","unknown","namespace","typeParameter","concept","type","macro","comment"]},"range":false},"signatureHelpProvider":{"triggerCharacters":["(",")","{","}","<",">",","]},"textDocumentSync":{"change":2,"openClose":true,"save":true},"typeDefinitionProvider":true,"typeHierarchyProvider":true,"workspaceSymbolProvider":true},"serverInfo":{"name":"clangd","version":"clangd version 14.0.0 windows x86_64-pc-windows-msvc"}}}
>>>
Content-Length: 52

{"jsonrpc":"2.0","method":"initialized","params":{}}Content-Length: 1101

{"jsonrpc":"2.0","method":"textDocument/didOpen","params":{"textDocument":{"uri":"file:///c%3A/Users/%D1%80%D1%81/AppData/Local/Temp/arduino-language-server3399030946/build/sketch/Termometer.ino.cpp","languageId":"cpp","version":1,"text":"#include \u003cArduino.h\u003e\n#line 1 \"D:\\\\Arduino_GitHub\\\\Termometer\\\\Termometer.ino\"\n/*1янв25\nТермометр\nПроект 9\nScriptor42\n*/\n\n#include \u003cOneWire.h\u003e\n#include \u003cDallasTemperature.h\u003e\n\n#define ONE_WIRE_BUS 2\n\nOneWire oneWire(ONE_WIRE_BUS);\nDallasTemperature sensors(\u0026oneWire);\n\n#line 15 \"D:\\\\Arduino_GitHub\\\\Termometer\\\\Termometer.ino\"\nvoid setup();\n#line 20 \"D:\\\\Arduino_GitHub\\\\Termometer\\\\Termometer.ino\"\nvoid loop();\n#line 15 \"D:\\\\Arduino_GitHub\\\\Termometer\\\\Termometer.ino\"\nvoid setup() {\n  Serial.begin(9600);\n  sensors.begin();\n}\n\nvoid loop() {\n  sensors.requestTemperatures();\n  float temperatureC = sensors.getTempCByIndex(0);\n  Serial.print(\"Temperature: \");\n  Serial.print(temperatureC);\n  Serial.println(\" °C\");\n  delay(1000);\n}\n\n\n"}}}Content-Length: 317

{"jsonrpc":"2.0","id":"2","method":"textDocument/codeAction","params":{"textDocument":{"uri":"file:///c%3A/Users/%D1%80%D1%81/AppData/Local/Temp/arduino-language-server3399030946/build/sketch/Termometer.ino.cpp"},"range":{"start":{"line":9,"character":0},"end":{"line":9,"character":0}},"context":{"diagnostics":[]}}}
<<<
Content-Length: 193

{"jsonrpc":"2.0","method":"textDocument/publishDiagnostics","params":{"diagnostics":[],"uri":"file:///c:/Users/%D1%80%D1%81/AppData/Local/Temp/arduino-language-server3399030946/build/.clangd"}}Content-Length: 193

{"jsonrpc":"2.0","method":"textDocument/publishDiagnostics","params":{"diagnostics":[],"uri":"file:///C:/Users/%D1%80%D1%81/AppData/Local/Temp/arduino-language-server3399030946/build/.clangd"}}Content-Length: 111

{"id":0,"jsonrpc":"2.0","method":"window/workDoneProgress/create","params":{"token":"backgroundIndexProgress"}}
>>>
Content-Length: 38

{"jsonrpc":"2.0","id":0,"result":null}
<<<
Content-Length: 143

{"jsonrpc":"2.0","method":"$/progress","params":{"token":"backgroundIndexProgress","value":{"kind":"begin","percentage":0,"title":"indexing"}}}Content-Length: 141

{"jsonrpc":"2.0","method":"$/progress","params":{"token":"backgroundIndexProgress","value":{"kind":"report","message":"0/1","percentage":0}}}Content-Length: 141

{"jsonrpc":"2.0","method":"$/progress","params":{"token":"backgroundIndexProgress","value":{"kind":"report","message":"0/2","percentage":0}}}Content-Length: 142

{"jsonrpc":"2.0","method":"$/progress","params":{"token":"backgroundIndexProgress","value":{"kind":"report","message":"1/2","percentage":50}}}Content-Length: 142

{"jsonrpc":"2.0","method":"$/progress","params":{"token":"backgroundIndexProgress","value":{"kind":"report","message":"1/2","percentage":50}}}Content-Length: 699

{"jsonrpc":"2.0","method":"textDocument/publishDiagnostics","params":{"diagnostics":[{"code":"pp_file_not_found","message":"In included file: 'stddef.h' file not found","range":{"end":{"character":10,"line":0},"start":{"character":9,"line":0}},"relatedInformation":[{"location":{"range":{"end":{"character":19,"line":47},"start":{"character":9,"line":47}},"uri":"file:///C:/Users/%D1%80%D1%81/AppData/Local/Arduino15/packages/arduino/tools/avr-gcc/7.3.0-atmel3.6.1-arduino7/avr/include/stdlib.h"},"message":"Error occurred here"}],"severity":1,"source":"clang"}],"uri":"file:///c:/Users/%D1%80%D1%81/AppData/Local/Temp/arduino-language-server3399030946/build/sketch/Termometer.ino.cpp","version":1}}Content-Length: 38

{"id":"2","jsonrpc":"2.0","result":[]}
>>>
Content-Length: 247

{"jsonrpc":"2.0","id":"3","method":"textDocument/hover","params":{"textDocument":{"uri":"file:///c%3A/Users/%D1%80%D1%81/AppData/Local/Temp/arduino-language-server3399030946/build/sketch/Termometer.ino.cpp"},"position":{"line":11,"character":19}}}
<<<
Content-Length: 226

{"id":"3","jsonrpc":"2.0","result":{"contents":{"kind":"markdown","value":"### macro `ONE_WIRE_BUS`  \n\n---\n```cpp\n#define ONE_WIRE_BUS 2\n```"},"range":{"end":{"character":20,"line":11},"start":{"character":8,"line":11}}}}
>>>
Content-Length: 246

{"jsonrpc":"2.0","id":"4","method":"textDocument/hover","params":{"textDocument":{"uri":"file:///c%3A/Users/%D1%80%D1%81/AppData/Local/Temp/arduino-language-server3399030946/build/sketch/Termometer.ino.cpp"},"position":{"line":9,"character":11}}}
<<<
Content-Length: 211

{"id":"4","jsonrpc":"2.0","result":{"contents":{"kind":"markdown","value":"### `DallasTemperature.h`  \n\n---\n```\nC:\\Users\\рс\\Documents\\Arduino\\libraries\\DallasTemperature\\DallasTemperature.h\n```"}}}Content-Length: 107

{"jsonrpc":"2.0","method":"$/progress","params":{"token":"backgroundIndexProgress","value":{"kind":"end"}}}
>>>
Content-Length: 247

{"jsonrpc":"2.0","id":"5","method":"textDocument/hover","params":{"textDocument":{"uri":"file:///c%3A/Users/%D1%80%D1%81/AppData/Local/Temp/arduino-language-server3399030946/build/sketch/Termometer.ino.cpp"},"position":{"line":13,"character":26}}}
<<<
Content-Length: 227

{"id":"5","jsonrpc":"2.0","result":{"contents":{"kind":"markdown","value":"### macro `ONE_WIRE_BUS`  \n\n---\n```cpp\n#define ONE_WIRE_BUS 2\n```"},"range":{"end":{"character":28,"line":13},"start":{"character":16,"line":13}}}}
>>>
Content-Length: 202

{"jsonrpc":"2.0","method":"textDocument/didSave","params":{"textDocument":{"uri":"file:///c%3A/Users/%D1%80%D1%81/AppData/Local/Temp/arduino-language-server3399030946/build/sketch/Termometer.ino.cpp"}}}Content-Length: 1105

{"jsonrpc":"2.0","method":"textDocument/didChange","params":{"textDocument":{"uri":"file:///c%3A/Users/%D1%80%D1%81/AppData/Local/Temp/arduino-language-server3399030946/build/sketch/Termometer.ino.cpp","version":2},"contentChanges":[{"text":"#include \u003cArduino.h\u003e\n#line 1 \"D:\\\\Arduino_GitHub\\\\Termometer\\\\Termometer.ino\"\n/*1янв25\nТермометр\nПроект 9\nScriptor42\n*/\n\n#include \u003cOneWire.h\u003e\n#include \u003cDallasTemperature.h\u003e\n\n#define ONE_WIRE_BUS 2\n\nOneWire oneWire(ONE_WIRE_BUS);\nDallasTemperature sensors(\u0026oneWire);\n\n#line 15 \"D:\\\\Arduino_GitHub\\\\Termometer\\\\Termometer.ino\"\nvoid setup();\n#line 20 \"D:\\\\Arduino_GitHub\\\\Termometer\\\\Termometer.ino\"\nvoid loop();\n#line 15 \"D:\\\\Arduino_GitHub\\\\Termometer\\\\Termometer.ino\"\nvoid setup() {\n  Serial.begin(9600);\n  sensors.begin();\n}\n\nvoid loop() {\n  sensors.requestTemperatures();\n  float temperatureC = sensors.getTempCByIndex(0);\n  Serial.print(\"Temperature: \");\n  Serial.print(temperatureC);\n  Serial.println(\" °C\");\n  delay(1000);\n}\n\n\n"}]}}
<<<
Content-Length: 111

{"id":1,"jsonrpc":"2.0","method":"window/workDoneProgress/create","params":{"token":"backgroundIndexProgress"}}
>>>
Content-Length: 38

{"jsonrpc":"2.0","id":1,"result":null}
<<<
Content-Length: 143

{"jsonrpc":"2.0","method":"$/progress","params":{"token":"backgroundIndexProgress","value":{"kind":"begin","percentage":0,"title":"indexing"}}}Content-Length: 141

{"jsonrpc":"2.0","method":"$/progress","params":{"token":"backgroundIndexProgress","value":{"kind":"report","message":"0/1","percentage":0}}}Content-Length: 141

{"jsonrpc":"2.0","method":"$/progress","params":{"token":"backgroundIndexProgress","value":{"kind":"report","message":"0/1","percentage":0}}}Content-Length: 107

{"jsonrpc":"2.0","method":"$/progress","params":{"token":"backgroundIndexProgress","value":{"kind":"end"}}}
>>>
Content-Length: 247

{"jsonrpc":"2.0","id":"6","method":"textDocument/hover","params":{"textDocument":{"uri":"file:///c%3A/Users/%D1%80%D1%81/AppData/Local/Temp/arduino-language-server3399030946/build/sketch/Termometer.ino.cpp"},"position":{"line":13,"character":20}}}
<<<
Content-Length: 227

{"id":"6","jsonrpc":"2.0","result":{"contents":{"kind":"markdown","value":"### macro `ONE_WIRE_BUS`  \n\n---\n```cpp\n#define ONE_WIRE_BUS 2\n```"},"range":{"end":{"character":28,"line":13},"start":{"character":16,"line":13}}}}
>>>
Content-Length: 247

{"jsonrpc":"2.0","id":"7","method":"textDocument/hover","params":{"textDocument":{"uri":"file:///c%3A/Users/%D1%80%D1%81/AppData/Local/Temp/arduino-language-server3399030946/build/sketch/Termometer.ino.cpp"},"position":{"line":13,"character":21}}}
<<<
Content-Length: 227

{"id":"7","jsonrpc":"2.0","result":{"contents":{"kind":"markdown","value":"### macro `ONE_WIRE_BUS`  \n\n---\n```cpp\n#define ONE_WIRE_BUS 2\n```"},"range":{"end":{"character":28,"line":13},"start":{"character":16,"line":13}}}}
>>>
Content-Length: 245

{"jsonrpc":"2.0","id":"8","method":"textDocument/hover","params":{"textDocument":{"uri":"file:///c%3A/Users/%D1%80%D1%81/AppData/Local/Temp/arduino-language-server3399030946/build/sketch/Termometer.ino.cpp"},"position":{"line":3,"character":3}}}
<<<
Content-Length: 40

{"id":"8","jsonrpc":"2.0","result":null}
>>>
Content-Length: 245

{"jsonrpc":"2.0","id":"9","method":"textDocument/hover","params":{"textDocument":{"uri":"file:///c%3A/Users/%D1%80%D1%81/AppData/Local/Temp/arduino-language-server3399030946/build/sketch/Termometer.ino.cpp"},"position":{"line":2,"character":0}}}
<<<
Content-Length: 40

{"id":"9","jsonrpc":"2.0","result":null}
>>>
Content-Length: 246

{"jsonrpc":"2.0","id":"10","method":"textDocument/hover","params":{"textDocument":{"uri":"file:///c%3A/Users/%D1%80%D1%81/AppData/Local/Temp/arduino-language-server3399030946/build/sketch/Termometer.ino.cpp"},"position":{"line":2,"character":0}}}
<<<
Content-Length: 41

{"id":"10","jsonrpc":"2.0","result":null}
>>>
Content-Length: 319

{"jsonrpc":"2.0","id":"11","method":"textDocument/codeAction","params":{"textDocument":{"uri":"file:///c%3A/Users/%D1%80%D1%81/AppData/Local/Temp/arduino-language-server3399030946/build/sketch/Termometer.ino.cpp"},"range":{"start":{"line":2,"character":0},"end":{"line":35,"character":0}},"context":{"diagnostics":[]}}}
<<<
Content-Length: 39

{"id":"11","jsonrpc":"2.0","result":[]}
>>>
Content-Length: 319

{"jsonrpc":"2.0","id":"12","method":"textDocument/codeAction","params":{"textDocument":{"uri":"file:///c%3A/Users/%D1%80%D1%81/AppData/Local/Temp/arduino-language-server3399030946/build/sketch/Termometer.ino.cpp"},"range":{"start":{"line":2,"character":0},"end":{"line":34,"character":0}},"context":{"diagnostics":[]}}}
<<<
Content-Length: 39

{"id":"12","jsonrpc":"2.0","result":[]}
>>>
Content-Length: 248

{"jsonrpc":"2.0","id":"13","method":"textDocument/hover","params":{"textDocument":{"uri":"file:///c%3A/Users/%D1%80%D1%81/AppData/Local/Temp/arduino-language-server3399030946/build/sketch/Termometer.ino.cpp"},"position":{"line":29,"character":20}}}
<<<
Content-Length: 41

{"id":"13","jsonrpc":"2.0","result":null}
>>>
Content-Length: 248

{"jsonrpc":"2.0","id":"14","method":"textDocument/hover","params":{"textDocument":{"uri":"file:///c%3A/Users/%D1%80%D1%81/AppData/Local/Temp/arduino-language-server3399030946/build/sketch/Termometer.ino.cpp"},"position":{"line":30,"character":19}}}
<<<
Content-Length: 292

{"id":"14","jsonrpc":"2.0","result":{"contents":{"kind":"markdown","value":"### variable `temperatureC`  \n\n---\nType: `float`  \n\n---\n```cpp\n// In loop\nfloat temperatureC = sensors.getTempCByIndex(0)\n```"},"range":{"end":{"character":27,"line":30},"start":{"character":15,"line":30}}}}
>>>
Content-Length: 248

{"jsonrpc":"2.0","id":"15","method":"textDocument/hover","params":{"textDocument":{"uri":"file:///c%3A/Users/%D1%80%D1%81/AppData/Local/Temp/arduino-language-server3399030946/build/sketch/Termometer.ino.cpp"},"position":{"line":30,"character":17}}}
<<<
Content-Length: 292

{"id":"15","jsonrpc":"2.0","result":{"contents":{"kind":"markdown","value":"### variable `temperatureC`  \n\n---\nType: `float`  \n\n---\n```cpp\n// In loop\nfloat temperatureC = sensors.getTempCByIndex(0)\n```"},"range":{"end":{"character":27,"line":30},"start":{"character":15,"line":30}}}}
>>>
Content-Length: 322

{"jsonrpc":"2.0","id":"16","method":"textDocument/codeAction","params":{"textDocument":{"uri":"file:///c%3A/Users/%D1%80%D1%81/AppData/Local/Temp/arduino-language-server3399030946/build/sketch/Termometer.ino.cpp"},"range":{"start":{"line":26,"character":13},"end":{"line":26,"character":13}},"context":{"diagnostics":[]}}}
<<<
Content-Length: 39

{"id":"16","jsonrpc":"2.0","result":[]}
>>>
Content-Length: 320

{"jsonrpc":"2.0","id":"17","method":"textDocument/codeAction","params":{"textDocument":{"uri":"file:///c%3A/Users/%D1%80%D1%81/AppData/Local/Temp/arduino-language-server3399030946/build/sketch/Termometer.ino.cpp"},"range":{"start":{"line":24,"character":1},"end":{"line":24,"character":1}},"context":{"diagnostics":[]}}}
<<<
Content-Length: 39

{"id":"17","jsonrpc":"2.0","result":[]}
>>>
Content-Length: 247

{"jsonrpc":"2.0","id":"18","method":"textDocument/hover","params":{"textDocument":{"uri":"file:///c%3A/Users/%D1%80%D1%81/AppData/Local/Temp/arduino-language-server3399030946/build/sketch/Termometer.ino.cpp"},"position":{"line":9,"character":18}}}
<<<
Content-Length: 212

{"id":"18","jsonrpc":"2.0","result":{"contents":{"kind":"markdown","value":"### `DallasTemperature.h`  \n\n---\n```\nC:\\Users\\рс\\Documents\\Arduino\\libraries\\DallasTemperature\\DallasTemperature.h\n```"}}}
>>>
Content-Length: 246

{"jsonrpc":"2.0","id":"19","method":"textDocument/hover","params":{"textDocument":{"uri":"file:///c%3A/Users/%D1%80%D1%81/AppData/Local/Temp/arduino-language-server3399030946/build/sketch/Termometer.ino.cpp"},"position":{"line":2,"character":0}}}
<<<
Content-Length: 41

{"id":"19","jsonrpc":"2.0","result":null}
>>>
Content-Length: 319

{"jsonrpc":"2.0","id":"20","method":"textDocument/codeAction","params":{"textDocument":{"uri":"file:///c%3A/Users/%D1%80%D1%81/AppData/Local/Temp/arduino-language-server3399030946/build/sketch/Termometer.ino.cpp"},"range":{"start":{"line":2,"character":0},"end":{"line":35,"character":0}},"context":{"diagnostics":[]}}}
<<<
Content-Length: 39

{"id":"20","jsonrpc":"2.0","result":[]}
>>>
Content-Length: 319

{"jsonrpc":"2.0","id":"21","method":"textDocument/codeAction","params":{"textDocument":{"uri":"file:///c%3A/Users/%D1%80%D1%81/AppData/Local/Temp/arduino-language-server3399030946/build/sketch/Termometer.ino.cpp"},"range":{"start":{"line":2,"character":0},"end":{"line":34,"character":0}},"context":{"diagnostics":[]}}}
<<<
Content-Length: 39

{"id":"21","jsonrpc":"2.0","result":[]}
>>>
Content-Length: 248

{"jsonrpc":"2.0","id":"22","method":"textDocument/hover","params":{"textDocument":{"uri":"file:///c%3A/Users/%D1%80%D1%81/AppData/Local/Temp/arduino-language-server3399030946/build/sketch/Termometer.ino.cpp"},"position":{"line":29,"character":13}}}
<<<
Content-Length: 41

{"id":"22","jsonrpc":"2.0","result":null}
>>>
Content-Length: 248

{"jsonrpc":"2.0","id":"23","method":"textDocument/hover","params":{"textDocument":{"uri":"file:///c%3A/Users/%D1%80%D1%81/AppData/Local/Temp/arduino-language-server3399030946/build/sketch/Termometer.ino.cpp"},"position":{"line":30,"character":13}}}
<<<
Content-Length: 41

{"id":"23","jsonrpc":"2.0","result":null}
>>>
Content-Length: 322

{"jsonrpc":"2.0","id":"24","method":"textDocument/codeAction","params":{"textDocument":{"uri":"file:///c%3A/Users/%D1%80%D1%81/AppData/Local/Temp/arduino-language-server3399030946/build/sketch/Termometer.ino.cpp"},"range":{"start":{"line":32,"character":14},"end":{"line":32,"character":14}},"context":{"diagnostics":[]}}}
<<<
Content-Length: 39

{"id":"24","jsonrpc":"2.0","result":[]}
>>>
Content-Length: 61

{"jsonrpc":"2.0","id":"25","method":"shutdown","params":null}
<<<
Content-Length: 41

{"id":"25","jsonrpc":"2.0","result":null}
>>>
Content-Length: 47

{"jsonrpc":"2.0","method":"exit","params":null}Content-Length: 47

{"jsonrpc":"2.0","method":"exit","params":null}






Started logging.

>>>
Content-Length: 3100

{"jsonrpc":"2.0","id":"1","method":"initialize","params":{"processId":33868,"clientInfo":{"name":"vscode","version":"1.80.0"},"rootPath":"C:\\Users\\рс\\AppData\\Local\\Temp\\arduino-language-server126403308\\build\\sketch","rootUri":"file:///c%3A/Users/%D1%80%D1%81/AppData/Local/Temp/arduino-language-server126403308/build/sketch","initializationOptions":{},"capabilities":{"workspace":{"applyEdit":true,"workspaceEdit":{"documentChanges":true,"resourceOperations":["create","rename","delete"],"failureHandling":"textOnlyTransactional"},"didChangeConfiguration":{"dynamicRegistration":true},"didChangeWatchedFiles":{"dynamicRegistration":true},"symbol":{"dynamicRegistration":true,"symbolKind":{"valueSet":[1,2,3,4,5,6,7,8,9,10,11,12,13,14,15,16,17,18,19,20,21,22,23,24,25,26]}},"executeCommand":{"dynamicRegistration":true},"workspaceFolders":true,"configuration":true},"textDocument":{"synchronization":{"dynamicRegistration":true,"willSave":true,"willSaveWaitUntil":true,"didSave":true},"completion":{"dynamicRegistration":true,"completionItem":{"snippetSupport":true,"commitCharactersSupport":true,"documentationFormat":["markdown","plaintext"],"deprecatedSupport":true,"preselectSupport":true,"tagSupport":{"valueSet":[1]}},"completionItemKind":{"valueSet":[1,2,3,4,5,6,7,8,9,10,11,12,13,14,15,16,17,18,19,20,21,22,23,24,25]},"contextSupport":true},"hover":{"dynamicRegistration":true,"contentFormat":["markdown","plaintext"]},"signatureHelp":{"dynamicRegistration":true,"signatureInformation":{"documentationFormat":["markdown","plaintext"],"parameterInformation":{"labelOffsetSupport":true}},"contextSupport":true},"declaration":{"dynamicRegistration":true,"linkSupport":true},"definition":{"dynamicRegistration":true,"linkSupport":true},"typeDefinition":{"dynamicRegistration":true,"linkSupport":true},"implementation":{"dynamicRegistration":true,"linkSupport":true},"references":{"dynamicRegistration":true},"documentHighlight":{"dynamicRegistration":true},"documentSymbol":{"dynamicRegistration":true,"symbolKind":{"valueSet":[1,2,3,4,5,6,7,8,9,10,11,12,13,14,15,16,17,18,19,20,21,22,23,24,25,26]},"hierarchicalDocumentSymbolSupport":true},"codeAction":{"dynamicRegistration":true,"codeActionLiteralSupport":{"codeActionKind":{"valueSet":["","quickfix","refactor","refactor.extract","refactor.inline","refactor.rewrite","source","source.organizeImports"]}},"isPreferredSupport":true},"codeLens":{"dynamicRegistration":true},"documentLink":{"dynamicRegistration":true,"tooltipSupport":true},"colorProvider":{"dynamicRegistration":true},"formatting":{"dynamicRegistration":true},"rangeFormatting":{"dynamicRegistration":true},"onTypeFormatting":{"dynamicRegistration":true},"rename":{"dynamicRegistration":true,"prepareSupport":true},"publishDiagnostics":{"relatedInformation":true,"tagSupport":{"valueSet":[1,2]}},"foldingRange":{"dynamicRegistration":true,"rangeLimit":5000,"lineFoldingOnly":true},"selectionRange":{"dynamicRegistration":true}},"window":{"workDoneProgress":true}},"trace":"off","workspaceFolders":[{"uri":"file:///d%3A/Arduino_GitHub/Termometer","name":"Termometer"}]}}
<<<
Content-Length: 1905

{"id":"1","jsonrpc":"2.0","result":{"capabilities":{"astProvider":true,"callHierarchyProvider":true,"clangdInlayHintsProvider":true,"codeActionProvider":{"codeActionKinds":["quickfix","refactor","info"]},"compilationDatabase":{"automaticReload":true},"completionProvider":{"allCommitCharacters":[" ","\t","(",")","[","]","{","}","<",">",":",";",",","+","-","/","*","%","^","&","#","?",".","=","\"","'","|"],"resolveProvider":false,"triggerCharacters":[".","<",">",":","\"","/","*"]},"declarationProvider":true,"definitionProvider":true,"documentFormattingProvider":true,"documentHighlightProvider":true,"documentLinkProvider":{"resolveProvider":false},"documentOnTypeFormattingProvider":{"firstTriggerCharacter":"\n","moreTriggerCharacter":[]},"documentRangeFormattingProvider":true,"documentSymbolProvider":true,"executeCommandProvider":{"commands":["clangd.applyFix","clangd.applyTweak"]},"hoverProvider":true,"implementationProvider":true,"memoryUsageProvider":true,"referencesProvider":true,"renameProvider":{"prepareProvider":true},"selectionRangeProvider":true,"semanticTokensProvider":{"full":{"delta":true},"legend":{"tokenModifiers":["declaration","deprecated","deduced","readonly","static","abstract","virtual","dependentName","defaultLibrary","usedAsMutableReference","functionScope","classScope","fileScope","globalScope"],"tokenTypes":["variable","variable","parameter","function","method","function","property","variable","class","interface","enum","enumMember","type","type","unknown","namespace","typeParameter","concept","type","macro","comment"]},"range":false},"signatureHelpProvider":{"triggerCharacters":["(",")","{","}","<",">",","]},"textDocumentSync":{"change":2,"openClose":true,"save":true},"typeDefinitionProvider":true,"typeHierarchyProvider":true,"workspaceSymbolProvider":true},"serverInfo":{"name":"clangd","version":"clangd version 14.0.0 windows x86_64-pc-windows-msvc"}}}
>>>
Content-Length: 52

{"jsonrpc":"2.0","method":"initialized","params":{}}Content-Length: 1100

{"jsonrpc":"2.0","method":"textDocument/didOpen","params":{"textDocument":{"uri":"file:///c%3A/Users/%D1%80%D1%81/AppData/Local/Temp/arduino-language-server126403308/build/sketch/Termometer.ino.cpp","languageId":"cpp","version":1,"text":"#include \u003cArduino.h\u003e\n#line 1 \"D:\\\\Arduino_GitHub\\\\Termometer\\\\Termometer.ino\"\n/*1янв25\nТермометр\nПроект 9\nScriptor42\n*/\n\n#include \u003cOneWire.h\u003e\n#include \u003cDallasTemperature.h\u003e\n\n#define ONE_WIRE_BUS 2\n\nOneWire oneWire(ONE_WIRE_BUS);\nDallasTemperature sensors(\u0026oneWire);\n\n#line 15 \"D:\\\\Arduino_GitHub\\\\Termometer\\\\Termometer.ino\"\nvoid setup();\n#line 20 \"D:\\\\Arduino_GitHub\\\\Termometer\\\\Termometer.ino\"\nvoid loop();\n#line 15 \"D:\\\\Arduino_GitHub\\\\Termometer\\\\Termometer.ino\"\nvoid setup() {\n  Serial.begin(9600);\n  sensors.begin();\n}\n\nvoid loop() {\n  sensors.requestTemperatures();\n  float temperatureC = sensors.getTempCByIndex(0);\n  Serial.print(\"Temperature: \");\n  Serial.print(temperatureC);\n  Serial.println(\" °C\");\n  delay(1000);\n}\n\n\n"}}}Content-Length: 320

{"jsonrpc":"2.0","id":"2","method":"textDocument/codeAction","params":{"textDocument":{"uri":"file:///c%3A/Users/%D1%80%D1%81/AppData/Local/Temp/arduino-language-server126403308/build/sketch/Termometer.ino.cpp"},"range":{"start":{"line":32,"character":14},"end":{"line":32,"character":14}},"context":{"diagnostics":[]}}}
<<<
Content-Length: 192

{"jsonrpc":"2.0","method":"textDocument/publishDiagnostics","params":{"diagnostics":[],"uri":"file:///c:/Users/%D1%80%D1%81/AppData/Local/Temp/arduino-language-server126403308/build/.clangd"}}Content-Length: 192

{"jsonrpc":"2.0","method":"textDocument/publishDiagnostics","params":{"diagnostics":[],"uri":"file:///C:/Users/%D1%80%D1%81/AppData/Local/Temp/arduino-language-server126403308/build/.clangd"}}Content-Length: 111

{"id":0,"jsonrpc":"2.0","method":"window/workDoneProgress/create","params":{"token":"backgroundIndexProgress"}}
>>>
Content-Length: 38

{"jsonrpc":"2.0","id":0,"result":null}
<<<
Content-Length: 143

{"jsonrpc":"2.0","method":"$/progress","params":{"token":"backgroundIndexProgress","value":{"kind":"begin","percentage":0,"title":"indexing"}}}Content-Length: 141

{"jsonrpc":"2.0","method":"$/progress","params":{"token":"backgroundIndexProgress","value":{"kind":"report","message":"0/1","percentage":0}}}Content-Length: 141

{"jsonrpc":"2.0","method":"$/progress","params":{"token":"backgroundIndexProgress","value":{"kind":"report","message":"0/2","percentage":0}}}Content-Length: 142

{"jsonrpc":"2.0","method":"$/progress","params":{"token":"backgroundIndexProgress","value":{"kind":"report","message":"1/2","percentage":50}}}Content-Length: 142

{"jsonrpc":"2.0","method":"$/progress","params":{"token":"backgroundIndexProgress","value":{"kind":"report","message":"1/2","percentage":50}}}Content-Length: 698

{"jsonrpc":"2.0","method":"textDocument/publishDiagnostics","params":{"diagnostics":[{"code":"pp_file_not_found","message":"In included file: 'stddef.h' file not found","range":{"end":{"character":10,"line":0},"start":{"character":9,"line":0}},"relatedInformation":[{"location":{"range":{"end":{"character":19,"line":47},"start":{"character":9,"line":47}},"uri":"file:///C:/Users/%D1%80%D1%81/AppData/Local/Arduino15/packages/arduino/tools/avr-gcc/7.3.0-atmel3.6.1-arduino7/avr/include/stdlib.h"},"message":"Error occurred here"}],"severity":1,"source":"clang"}],"uri":"file:///c:/Users/%D1%80%D1%81/AppData/Local/Temp/arduino-language-server126403308/build/sketch/Termometer.ino.cpp","version":1}}Content-Length: 38

{"id":"2","jsonrpc":"2.0","result":[]}Content-Length: 107

{"jsonrpc":"2.0","method":"$/progress","params":{"token":"backgroundIndexProgress","value":{"kind":"end"}}}